{"/workspaces/we2.blatt06/src/app.ts": {"path":"/workspaces/we2.blatt06/src/app.ts","statementMap":{"0":{"start":{"line":1,"column":0},"end":{"line":1,"column":30}},"1":{"start":{"line":2,"column":0},"end":{"line":2,"column":43}},"2":{"start":{"line":3,"column":0},"end":{"line":3,"column":47}},"3":{"start":{"line":4,"column":0},"end":{"line":4,"column":45}},"4":{"start":{"line":5,"column":0},"end":{"line":5,"column":45}},"5":{"start":{"line":6,"column":0},"end":{"line":6,"column":41}},"6":{"start":{"line":8,"column":13},"end":{"line":8,"column":29}},"7":{"start":{"line":13,"column":0},"end":{"line":13,"column":24}},"8":{"start":{"line":14,"column":0},"end":{"line":14,"column":24}},"9":{"start":{"line":20,"column":0},"end":{"line":20,"column":33}},"10":{"start":{"line":22,"column":0},"end":{"line":22,"column":37}},"11":{"start":{"line":24,"column":0},"end":{"line":24,"column":35}},"12":{"start":{"line":26,"column":0},"end":{"line":26,"column":35}}},"fnMap":{},"branchMap":{},"s":{"0":12,"1":12,"2":12,"3":12,"4":12,"5":12,"6":12,"7":12,"8":12,"9":12,"10":12,"11":12,"12":12},"f":{},"b":{}}
,"/workspaces/we2.blatt06/src/configCORS.ts": {"path":"/workspaces/we2.blatt06/src/configCORS.ts","statementMap":{"0":{"start":{"line":14,"column":0},"end":{"line":14,"column":16}},"1":{"start":{"line":3,"column":0},"end":{"line":3,"column":41}},"2":{"start":{"line":4,"column":0},"end":{"line":4,"column":34}},"3":{"start":{"line":15,"column":4},"end":{"line":29,"column":5}},"4":{"start":{"line":16,"column":8},"end":{"line":16,"column":73}},"5":{"start":{"line":18,"column":41},"end":{"line":24,"column":null}},"6":{"start":{"line":26,"column":8},"end":{"line":26,"column":35}},"7":{"start":{"line":27,"column":8},"end":{"line":27,"column":47}}},"fnMap":{"0":{"name":"configureCORS","decl":{"start":{"line":14,"column":16},"end":{"line":14,"column":29}},"loc":{"start":{"line":14,"column":50},"end":{"line":30,"column":1}}}},"branchMap":{"0":{"loc":{"start":{"line":15,"column":4},"end":{"line":29,"column":5}},"type":"if","locations":[{"start":{"line":15,"column":4},"end":{"line":29,"column":5}},{"start":{"line":17,"column":11},"end":{"line":29,"column":5}}]}},"s":{"0":0,"1":0,"2":0,"3":0,"4":0,"5":0,"6":0,"7":0},"f":{"0":0},"b":{"0":[0,0]}}
,"/workspaces/we2.blatt06/src/model/GebietModel.ts": {"path":"/workspaces/we2.blatt06/src/model/GebietModel.ts","statementMap":{"0":{"start":{"line":1,"column":0},"end":{"line":1,"column":48}},"1":{"start":{"line":12,"column":21},"end":{"line":24,"column":null}},"2":{"start":{"line":27,"column":13},"end":{"line":27,"column":52}}},"fnMap":{},"branchMap":{},"s":{"0":17,"1":17,"2":17},"f":{},"b":{}}
,"/workspaces/we2.blatt06/src/model/ProfModel.ts": {"path":"/workspaces/we2.blatt06/src/model/ProfModel.ts","statementMap":{"0":{"start":{"line":1,"column":0},"end":{"line":1,"column":47}},"1":{"start":{"line":2,"column":0},"end":{"line":2,"column":30}},"2":{"start":{"line":18,"column":19},"end":{"line":24,"column":2}},"3":{"start":{"line":26,"column":0},"end":{"line":31,"column":3}},"4":{"start":{"line":27,"column":4},"end":{"line":30,"column":5}},"5":{"start":{"line":28,"column":31},"end":{"line":28,"column":67}},"6":{"start":{"line":29,"column":8},"end":{"line":29,"column":39}},"7":{"start":{"line":33,"column":0},"end":{"line":43,"column":3}},"8":{"start":{"line":34,"column":19},"end":{"line":34,"column":35}},"9":{"start":{"line":36,"column":4},"end":{"line":38,"column":5}},"10":{"start":{"line":37,"column":8},"end":{"line":37,"column":15}},"11":{"start":{"line":40,"column":4},"end":{"line":42,"column":5}},"12":{"start":{"line":41,"column":8},"end":{"line":41,"column":65}},"13":{"start":{"line":45,"column":0},"end":{"line":51,"column":3}},"14":{"start":{"line":46,"column":4},"end":{"line":48,"column":5}},"15":{"start":{"line":47,"column":8},"end":{"line":47,"column":62}},"16":{"start":{"line":50,"column":4},"end":{"line":50,"column":58}},"17":{"start":{"line":53,"column":13},"end":{"line":53,"column":46}}},"fnMap":{"0":{"name":"(anonymous_1)","decl":{"start":{"line":26,"column":23},"end":{"line":26,"column":28}},"loc":{"start":{"line":26,"column":28},"end":{"line":31,"column":1}}},"1":{"name":"(anonymous_2)","decl":{"start":{"line":33,"column":50},"end":{"line":33,"column":55}},"loc":{"start":{"line":33,"column":55},"end":{"line":43,"column":1}}},"2":{"name":"(anonymous_3)","decl":{"start":{"line":45,"column":39},"end":{"line":45,"column":44}},"loc":{"start":{"line":45,"column":71},"end":{"line":51,"column":1}}}},"branchMap":{"0":{"loc":{"start":{"line":27,"column":4},"end":{"line":30,"column":5}},"type":"if","locations":[{"start":{"line":27,"column":4},"end":{"line":30,"column":5}},{"start":{},"end":{}}]},"1":{"loc":{"start":{"line":36,"column":4},"end":{"line":38,"column":5}},"type":"if","locations":[{"start":{"line":36,"column":4},"end":{"line":38,"column":5}},{"start":{},"end":{}}]},"2":{"loc":{"start":{"line":40,"column":4},"end":{"line":42,"column":5}},"type":"if","locations":[{"start":{"line":40,"column":4},"end":{"line":42,"column":5}},{"start":{},"end":{}}]},"3":{"loc":{"start":{"line":46,"column":4},"end":{"line":48,"column":5}},"type":"if","locations":[{"start":{"line":46,"column":4},"end":{"line":48,"column":5}},{"start":{},"end":{}}]},"4":{"loc":{"start":{"line":46,"column":7},"end":{"line":46,"column":81}},"type":"binary-expr","locations":[{"start":{"line":46,"column":7},"end":{"line":46,"column":42}},{"start":{"line":46,"column":46},"end":{"line":46,"column":81}}]}},"s":{"0":21,"1":21,"2":21,"3":21,"4":190,"5":187,"6":187,"7":21,"8":2,"9":2,"10":0,"11":2,"12":2,"13":21,"14":56,"15":1,"16":55,"17":21},"f":{"0":190,"1":2,"2":56},"b":{"0":[187,3],"1":[0,2],"2":[2,0],"3":[1,55],"4":[56,56]}}
,"/workspaces/we2.blatt06/src/model/ThemaModel.ts": {"path":"/workspaces/we2.blatt06/src/model/ThemaModel.ts","statementMap":{"0":{"start":{"line":1,"column":0},"end":{"line":1,"column":48}},"1":{"start":{"line":14,"column":20},"end":{"line":28,"column":null}},"2":{"start":{"line":31,"column":13},"end":{"line":31,"column":49}}},"fnMap":{},"branchMap":{},"s":{"0":16,"1":16,"2":16},"f":{},"b":{}}
,"/workspaces/we2.blatt06/src/routes/authentication.ts": {"path":"/workspaces/we2.blatt06/src/routes/authentication.ts","statementMap":{"0":{"start":{"line":21,"column":0},"end":{"line":21,"column":16}},"1":{"start":{"line":49,"column":0},"end":{"line":49,"column":16}},"2":{"start":{"line":2,"column":0},"end":{"line":2,"column":35}},"3":{"start":{"line":3,"column":0},"end":{"line":3,"column":51}},"4":{"start":{"line":22,"column":4},"end":{"line":41,"column":5}},"5":{"start":{"line":23,"column":26},"end":{"line":23,"column":50}},"6":{"start":{"line":25,"column":8},"end":{"line":28,"column":9}},"7":{"start":{"line":26,"column":12},"end":{"line":26,"column":93}},"8":{"start":{"line":27,"column":12},"end":{"line":27,"column":39}},"9":{"start":{"line":30,"column":30},"end":{"line":30,"column":50}},"10":{"start":{"line":32,"column":8},"end":{"line":32,"column":38}},"11":{"start":{"line":33,"column":8},"end":{"line":33,"column":38}},"12":{"start":{"line":35,"column":8},"end":{"line":35,"column":22}},"13":{"start":{"line":38,"column":8},"end":{"line":38,"column":102}},"14":{"start":{"line":39,"column":8},"end":{"line":39,"column":40}},"15":{"start":{"line":40,"column":8},"end":{"line":40,"column":35}},"16":{"start":{"line":50,"column":4},"end":{"line":67,"column":5}},"17":{"start":{"line":51,"column":26},"end":{"line":51,"column":50}},"18":{"start":{"line":53,"column":8},"end":{"line":55,"column":9}},"19":{"start":{"line":54,"column":12},"end":{"line":54,"column":26}},"20":{"start":{"line":57,"column":30},"end":{"line":57,"column":50}},"21":{"start":{"line":59,"column":8},"end":{"line":59,"column":38}},"22":{"start":{"line":60,"column":8},"end":{"line":60,"column":38}},"23":{"start":{"line":62,"column":8},"end":{"line":62,"column":22}},"24":{"start":{"line":64,"column":8},"end":{"line":64,"column":112}},"25":{"start":{"line":65,"column":8},"end":{"line":65,"column":40}},"26":{"start":{"line":66,"column":8},"end":{"line":66,"column":35}}},"fnMap":{"0":{"name":"requiresAuthentication","decl":{"start":{"line":21,"column":16},"end":{"line":21,"column":38}},"loc":{"start":{"line":21,"column":86},"end":{"line":42,"column":1}}},"1":{"name":"optionalAuthentication","decl":{"start":{"line":49,"column":16},"end":{"line":49,"column":38}},"loc":{"start":{"line":49,"column":86},"end":{"line":68,"column":1}}}},"branchMap":{"0":{"loc":{"start":{"line":25,"column":8},"end":{"line":28,"column":9}},"type":"if","locations":[{"start":{"line":25,"column":8},"end":{"line":28,"column":9}},{"start":{},"end":{}}]},"1":{"loc":{"start":{"line":53,"column":8},"end":{"line":55,"column":9}},"type":"if","locations":[{"start":{"line":53,"column":8},"end":{"line":55,"column":9}},{"start":{},"end":{}}]}},"s":{"0":12,"1":12,"2":12,"3":12,"4":61,"5":61,"6":61,"7":9,"8":9,"9":52,"10":52,"11":52,"12":52,"13":0,"14":0,"15":0,"16":19,"17":19,"18":19,"19":12,"20":7,"21":7,"22":7,"23":7,"24":0,"25":0,"26":0},"f":{"0":61,"1":19},"b":{"0":[9,52],"1":[12,7]}}
,"/workspaces/we2.blatt06/src/routes/gebiet.ts": {"path":"/workspaces/we2.blatt06/src/routes/gebiet.ts","statementMap":{"0":{"start":{"line":1,"column":0},"end":{"line":1,"column":43}},"1":{"start":{"line":3,"column":0},"end":{"line":3,"column":112}},"2":{"start":{"line":4,"column":0},"end":{"line":4,"column":57}},"3":{"start":{"line":5,"column":0},"end":{"line":5,"column":79}},"4":{"start":{"line":7,"column":0},"end":{"line":7,"column":82}},"5":{"start":{"line":9,"column":13},"end":{"line":9,"column":45}},"6":{"start":{"line":11,"column":17},"end":{"line":17,"column":1}},"7":{"start":{"line":12,"column":19},"end":{"line":12,"column":40}},"8":{"start":{"line":13,"column":4},"end":{"line":15,"column":5}},"9":{"start":{"line":14,"column":8},"end":{"line":14,"column":64}},"10":{"start":{"line":16,"column":4},"end":{"line":16,"column":11}},"11":{"start":{"line":19,"column":0},"end":{"line":32,"column":7}},"12":{"start":{"line":21,"column":28},"end":{"line":21,"column":50}},"13":{"start":{"line":23,"column":32},"end":{"line":29,"column":10}},"14":{"start":{"line":24,"column":12},"end":{"line":26,"column":13}},"15":{"start":{"line":25,"column":16},"end":{"line":25,"column":28}},"16":{"start":{"line":28,"column":12},"end":{"line":28,"column":46}},"17":{"start":{"line":31,"column":8},"end":{"line":31,"column":46}},"18":{"start":{"line":34,"column":0},"end":{"line":59,"column":7}},"19":{"start":{"line":39,"column":19},"end":{"line":39,"column":32}},"20":{"start":{"line":41,"column":8},"end":{"line":58,"column":9}},"21":{"start":{"line":42,"column":27},"end":{"line":42,"column":46}},"22":{"start":{"line":44,"column":12},"end":{"line":47,"column":13}},"23":{"start":{"line":45,"column":16},"end":{"line":45,"column":36}},"24":{"start":{"line":46,"column":16},"end":{"line":46,"column":23}},"25":{"start":{"line":49,"column":12},"end":{"line":52,"column":13}},"26":{"start":{"line":50,"column":16},"end":{"line":50,"column":36}},"27":{"start":{"line":51,"column":16},"end":{"line":51,"column":23}},"28":{"start":{"line":54,"column":27},"end":{"line":54,"column":50}},"29":{"start":{"line":55,"column":12},"end":{"line":55,"column":41}},"30":{"start":{"line":57,"column":12},"end":{"line":57,"column":32}},"31":{"start":{"line":61,"column":0},"end":{"line":81,"column":7}},"32":{"start":{"line":70,"column":8},"end":{"line":72,"column":9}},"33":{"start":{"line":71,"column":12},"end":{"line":71,"column":39}},"34":{"start":{"line":73,"column":31},"end":{"line":73,"column":65}},"35":{"start":{"line":74,"column":8},"end":{"line":80,"column":9}},"36":{"start":{"line":75,"column":34},"end":{"line":75,"column":68}},"37":{"start":{"line":76,"column":12},"end":{"line":76,"column":48}},"38":{"start":{"line":77,"column":12},"end":{"line":77,"column":19}},"39":{"start":{"line":79,"column":12},"end":{"line":79,"column":32}},"40":{"start":{"line":83,"column":0},"end":{"line":106,"column":7}},"41":{"start":{"line":88,"column":19},"end":{"line":88,"column":32}},"42":{"start":{"line":90,"column":8},"end":{"line":105,"column":9}},"43":{"start":{"line":91,"column":27},"end":{"line":91,"column":46}},"44":{"start":{"line":93,"column":12},"end":{"line":96,"column":13}},"45":{"start":{"line":94,"column":16},"end":{"line":94,"column":36}},"46":{"start":{"line":95,"column":16},"end":{"line":95,"column":23}},"47":{"start":{"line":98,"column":12},"end":{"line":100,"column":13}},"48":{"start":{"line":99,"column":16},"end":{"line":99,"column":43}},"49":{"start":{"line":102,"column":12},"end":{"line":102,"column":null}},"50":{"start":{"line":104,"column":12},"end":{"line":104,"column":32}},"51":{"start":{"line":108,"column":0},"end":{"line":149,"column":7}},"52":{"start":{"line":111,"column":25},"end":{"line":111,"column":67}},"53":{"start":{"line":112,"column":8},"end":{"line":114,"column":9}},"54":{"start":{"line":113,"column":12},"end":{"line":113,"column":68}},"55":{"start":{"line":115,"column":8},"end":{"line":115,"column":20}},"56":{"start":{"line":125,"column":19},"end":{"line":125,"column":32}},"57":{"start":{"line":126,"column":24},"end":{"line":126,"column":50}},"58":{"start":{"line":128,"column":8},"end":{"line":148,"column":9}},"59":{"start":{"line":129,"column":27},"end":{"line":129,"column":46}},"60":{"start":{"line":131,"column":12},"end":{"line":134,"column":13}},"61":{"start":{"line":132,"column":16},"end":{"line":132,"column":36}},"62":{"start":{"line":133,"column":16},"end":{"line":133,"column":23}},"63":{"start":{"line":136,"column":12},"end":{"line":138,"column":13}},"64":{"start":{"line":137,"column":16},"end":{"line":137,"column":43}},"65":{"start":{"line":140,"column":12},"end":{"line":140,"column":28}},"66":{"start":{"line":142,"column":34},"end":{"line":142,"column":61}},"67":{"start":{"line":143,"column":12},"end":{"line":143,"column":48}},"68":{"start":{"line":147,"column":12},"end":{"line":147,"column":32}},"69":{"start":{"line":151,"column":0},"end":{"line":176,"column":7}},"70":{"start":{"line":157,"column":19},"end":{"line":157,"column":32}},"71":{"start":{"line":159,"column":8},"end":{"line":175,"column":9}},"72":{"start":{"line":160,"column":27},"end":{"line":160,"column":46}},"73":{"start":{"line":162,"column":12},"end":{"line":165,"column":13}},"74":{"start":{"line":163,"column":16},"end":{"line":163,"column":36}},"75":{"start":{"line":164,"column":16},"end":{"line":164,"column":23}},"76":{"start":{"line":167,"column":12},"end":{"line":169,"column":13}},"77":{"start":{"line":168,"column":16},"end":{"line":168,"column":43}},"78":{"start":{"line":171,"column":12},"end":{"line":171,"column":35}},"79":{"start":{"line":172,"column":12},"end":{"line":172,"column":32}},"80":{"start":{"line":174,"column":12},"end":{"line":174,"column":32}}},"fnMap":{"0":{"name":"(anonymous_1)","decl":{"start":{"line":11,"column":17},"end":{"line":11,"column":18}},"loc":{"start":{"line":11,"column":93},"end":{"line":17,"column":1}}},"1":{"name":"(anonymous_2)","decl":{"start":{"line":20,"column":4},"end":{"line":20,"column":9}},"loc":{"start":{"line":20,"column":23},"end":{"line":32,"column":5}}},"2":{"name":"(anonymous_3)","decl":{"start":{"line":23,"column":51},"end":{"line":23,"column":52}},"loc":{"start":{"line":23,"column":55},"end":{"line":29,"column":9}}},"3":{"name":"(anonymous_4)","decl":{"start":{"line":38,"column":4},"end":{"line":38,"column":9}},"loc":{"start":{"line":38,"column":61},"end":{"line":59,"column":5}}},"4":{"name":"(anonymous_5)","decl":{"start":{"line":69,"column":4},"end":{"line":69,"column":9}},"loc":{"start":{"line":69,"column":23},"end":{"line":81,"column":5}}},"5":{"name":"(anonymous_6)","decl":{"start":{"line":87,"column":4},"end":{"line":87,"column":9}},"loc":{"start":{"line":87,"column":66},"end":{"line":106,"column":5}}},"6":{"name":"(anonymous_7)","decl":{"start":{"line":110,"column":33},"end":{"line":110,"column":34}},"loc":{"start":{"line":110,"column":52},"end":{"line":116,"column":5}}},"7":{"name":"(anonymous_8)","decl":{"start":{"line":124,"column":4},"end":{"line":124,"column":9}},"loc":{"start":{"line":124,"column":66},"end":{"line":149,"column":5}}},"8":{"name":"(anonymous_9)","decl":{"start":{"line":155,"column":4},"end":{"line":155,"column":9}},"loc":{"start":{"line":155,"column":66},"end":{"line":176,"column":5}}}},"branchMap":{"0":{"loc":{"start":{"line":13,"column":4},"end":{"line":15,"column":5}},"type":"if","locations":[{"start":{"line":13,"column":4},"end":{"line":15,"column":5}},{"start":{},"end":{}}]},"1":{"loc":{"start":{"line":24,"column":12},"end":{"line":26,"column":13}},"type":"if","locations":[{"start":{"line":24,"column":12},"end":{"line":26,"column":13}},{"start":{},"end":{}}]},"2":{"loc":{"start":{"line":44,"column":12},"end":{"line":47,"column":13}},"type":"if","locations":[{"start":{"line":44,"column":12},"end":{"line":47,"column":13}},{"start":{},"end":{}}]},"3":{"loc":{"start":{"line":49,"column":12},"end":{"line":52,"column":13}},"type":"if","locations":[{"start":{"line":49,"column":12},"end":{"line":52,"column":13}},{"start":{},"end":{}}]},"4":{"loc":{"start":{"line":49,"column":16},"end":{"line":49,"column":65}},"type":"binary-expr","locations":[{"start":{"line":49,"column":16},"end":{"line":49,"column":30}},{"start":{"line":49,"column":34},"end":{"line":49,"column":65}}]},"5":{"loc":{"start":{"line":70,"column":8},"end":{"line":72,"column":9}},"type":"if","locations":[{"start":{"line":70,"column":8},"end":{"line":72,"column":9}},{"start":{},"end":{}}]},"6":{"loc":{"start":{"line":93,"column":12},"end":{"line":96,"column":13}},"type":"if","locations":[{"start":{"line":93,"column":12},"end":{"line":96,"column":13}},{"start":{},"end":{}}]},"7":{"loc":{"start":{"line":98,"column":12},"end":{"line":100,"column":13}},"type":"if","locations":[{"start":{"line":98,"column":12},"end":{"line":100,"column":13}},{"start":{},"end":{}}]},"8":{"loc":{"start":{"line":98,"column":16},"end":{"line":98,"column":65}},"type":"binary-expr","locations":[{"start":{"line":98,"column":16},"end":{"line":98,"column":30}},{"start":{"line":98,"column":34},"end":{"line":98,"column":65}}]},"9":{"loc":{"start":{"line":112,"column":8},"end":{"line":114,"column":9}},"type":"if","locations":[{"start":{"line":112,"column":8},"end":{"line":114,"column":9}},{"start":{},"end":{}}]},"10":{"loc":{"start":{"line":112,"column":12},"end":{"line":112,"column":38}},"type":"binary-expr","locations":[{"start":{"line":112,"column":12},"end":{"line":112,"column":17}},{"start":{"line":112,"column":21},"end":{"line":112,"column":38}}]},"11":{"loc":{"start":{"line":131,"column":12},"end":{"line":134,"column":13}},"type":"if","locations":[{"start":{"line":131,"column":12},"end":{"line":134,"column":13}},{"start":{},"end":{}}]},"12":{"loc":{"start":{"line":136,"column":12},"end":{"line":138,"column":13}},"type":"if","locations":[{"start":{"line":136,"column":12},"end":{"line":138,"column":13}},{"start":{},"end":{}}]},"13":{"loc":{"start":{"line":162,"column":12},"end":{"line":165,"column":13}},"type":"if","locations":[{"start":{"line":162,"column":12},"end":{"line":165,"column":13}},{"start":{},"end":{}}]},"14":{"loc":{"start":{"line":167,"column":12},"end":{"line":169,"column":13}},"type":"if","locations":[{"start":{"line":167,"column":12},"end":{"line":169,"column":13}},{"start":{},"end":{}}]}},"s":{"0":12,"1":12,"2":12,"3":12,"4":12,"5":12,"6":12,"7":37,"8":37,"9":8,"10":29,"11":12,"12":4,"13":4,"14":13,"15":13,"16":0,"17":4,"18":12,"19":4,"20":4,"21":4,"22":3,"23":1,"24":1,"25":2,"26":1,"27":1,"28":1,"29":1,"30":1,"31":12,"32":4,"33":1,"34":3,"35":3,"36":3,"37":2,"38":2,"39":1,"40":12,"41":5,"42":5,"43":5,"44":4,"45":1,"46":1,"47":3,"48":2,"49":1,"50":1,"51":12,"52":2,"53":2,"54":1,"55":1,"56":5,"57":5,"58":5,"59":5,"60":5,"61":1,"62":1,"63":4,"64":1,"65":3,"66":3,"67":2,"68":1,"69":12,"70":5,"71":5,"72":5,"73":5,"74":1,"75":1,"76":4,"77":1,"78":3,"79":2,"80":1},"f":{"0":37,"1":4,"2":13,"3":4,"4":4,"5":5,"6":2,"7":5,"8":5},"b":{"0":[8,29],"1":[13,0],"2":[1,2],"3":[1,1],"4":[2,1],"5":[1,3],"6":[1,3],"7":[2,1],"8":[3,2],"9":[1,1],"10":[2,2],"11":[1,4],"12":[1,3],"13":[1,4],"14":[1,3]}}
,"/workspaces/we2.blatt06/src/routes/login.ts": {"path":"/workspaces/we2.blatt06/src/routes/login.ts","statementMap":{"0":{"start":{"line":1,"column":0},"end":{"line":1,"column":43}},"1":{"start":{"line":2,"column":0},"end":{"line":2,"column":79}},"2":{"start":{"line":3,"column":0},"end":{"line":3,"column":79}},"3":{"start":{"line":4,"column":0},"end":{"line":4,"column":35}},"4":{"start":{"line":6,"column":13},"end":{"line":6,"column":44}},"5":{"start":{"line":8,"column":0},"end":{"line":47,"column":7}},"6":{"start":{"line":19,"column":8},"end":{"line":46,"column":9}},"7":{"start":{"line":20,"column":27},"end":{"line":20,"column":48}},"8":{"start":{"line":21,"column":12},"end":{"line":23,"column":13}},"9":{"start":{"line":22,"column":16},"end":{"line":22,"column":72}},"10":{"start":{"line":25,"column":30},"end":{"line":25,"column":100}},"11":{"start":{"line":26,"column":12},"end":{"line":29,"column":13}},"12":{"start":{"line":27,"column":16},"end":{"line":27,"column":36}},"13":{"start":{"line":28,"column":16},"end":{"line":28,"column":23}},"14":{"start":{"line":31,"column":34},"end":{"line":31,"column":54}},"15":{"start":{"line":33,"column":38},"end":{"line":33,"column":72}},"16":{"start":{"line":35,"column":12},"end":{"line":40,"column":15}},"17":{"start":{"line":42,"column":12},"end":{"line":42,"column":48}},"18":{"start":{"line":44,"column":12},"end":{"line":44,"column":71}},"19":{"start":{"line":45,"column":12},"end":{"line":45,"column":32}},"20":{"start":{"line":49,"column":0},"end":{"line":77,"column":3}},"21":{"start":{"line":50,"column":4},"end":{"line":76,"column":5}},"22":{"start":{"line":51,"column":8},"end":{"line":51,"column":61}},"23":{"start":{"line":53,"column":22},"end":{"line":53,"column":46}},"24":{"start":{"line":55,"column":8},"end":{"line":59,"column":9}},"25":{"start":{"line":56,"column":12},"end":{"line":56,"column":60}},"26":{"start":{"line":57,"column":12},"end":{"line":57,"column":40}},"27":{"start":{"line":58,"column":12},"end":{"line":58,"column":19}},"28":{"start":{"line":61,"column":8},"end":{"line":71,"column":9}},"29":{"start":{"line":62,"column":34},"end":{"line":62,"column":50}},"30":{"start":{"line":63,"column":12},"end":{"line":63,"column":71}},"31":{"start":{"line":64,"column":12},"end":{"line":64,"column":48}},"32":{"start":{"line":65,"column":12},"end":{"line":65,"column":19}},"33":{"start":{"line":67,"column":12},"end":{"line":67,"column":57}},"34":{"start":{"line":68,"column":12},"end":{"line":68,"column":44}},"35":{"start":{"line":69,"column":12},"end":{"line":69,"column":40}},"36":{"start":{"line":70,"column":12},"end":{"line":70,"column":19}},"37":{"start":{"line":74,"column":8},"end":{"line":74,"column":66}},"38":{"start":{"line":75,"column":8},"end":{"line":75,"column":28}},"39":{"start":{"line":79,"column":0},"end":{"line":94,"column":null}},"40":{"start":{"line":81,"column":8},"end":{"line":92,"column":9}},"41":{"start":{"line":82,"column":12},"end":{"line":86,"column":15}},"42":{"start":{"line":88,"column":12},"end":{"line":88,"column":32}},"43":{"start":{"line":90,"column":12},"end":{"line":90,"column":73}},"44":{"start":{"line":91,"column":12},"end":{"line":91,"column":32}}},"fnMap":{"0":{"name":"(anonymous_1)","decl":{"start":{"line":18,"column":4},"end":{"line":18,"column":9}},"loc":{"start":{"line":18,"column":33},"end":{"line":47,"column":5}}},"1":{"name":"(anonymous_2)","decl":{"start":{"line":49,"column":21},"end":{"line":49,"column":22}},"loc":{"start":{"line":49,"column":34},"end":{"line":77,"column":1}}},"2":{"name":"(anonymous_3)","decl":{"start":{"line":80,"column":4},"end":{"line":80,"column":9}},"loc":{"start":{"line":80,"column":23},"end":{"line":93,"column":5}}}},"branchMap":{"0":{"loc":{"start":{"line":21,"column":12},"end":{"line":23,"column":13}},"type":"if","locations":[{"start":{"line":21,"column":12},"end":{"line":23,"column":13}},{"start":{},"end":{}}]},"1":{"loc":{"start":{"line":26,"column":12},"end":{"line":29,"column":13}},"type":"if","locations":[{"start":{"line":26,"column":12},"end":{"line":29,"column":13}},{"start":{},"end":{}}]},"2":{"loc":{"start":{"line":55,"column":8},"end":{"line":59,"column":9}},"type":"if","locations":[{"start":{"line":55,"column":8},"end":{"line":59,"column":9}},{"start":{},"end":{}}]}},"s":{"0":12,"1":12,"2":12,"3":12,"4":12,"5":12,"6":40,"7":40,"8":40,"9":1,"10":39,"11":39,"12":1,"13":1,"14":38,"15":38,"16":38,"17":38,"18":0,"19":0,"20":12,"21":2,"22":2,"23":2,"24":2,"25":1,"26":1,"27":1,"28":1,"29":1,"30":1,"31":1,"32":1,"33":0,"34":0,"35":0,"36":0,"37":0,"38":0,"39":12,"40":1,"41":1,"42":1,"43":0,"44":0},"f":{"0":40,"1":2,"2":1},"b":{"0":[1,39],"1":[1,38],"2":[1,1]}}
,"/workspaces/we2.blatt06/src/routes/prof.ts": {"path":"/workspaces/we2.blatt06/src/routes/prof.ts","statementMap":{"0":{"start":{"line":1,"column":0},"end":{"line":1,"column":43}},"1":{"start":{"line":3,"column":0},"end":{"line":3,"column":107}},"2":{"start":{"line":4,"column":0},"end":{"line":4,"column":79}},"3":{"start":{"line":5,"column":0},"end":{"line":5,"column":82}},"4":{"start":{"line":7,"column":13},"end":{"line":7,"column":43}},"5":{"start":{"line":9,"column":17},"end":{"line":15,"column":1}},"6":{"start":{"line":10,"column":19},"end":{"line":10,"column":40}},"7":{"start":{"line":11,"column":4},"end":{"line":13,"column":5}},"8":{"start":{"line":12,"column":8},"end":{"line":12,"column":64}},"9":{"start":{"line":14,"column":4},"end":{"line":14,"column":11}},"10":{"start":{"line":17,"column":0},"end":{"line":26,"column":null}},"11":{"start":{"line":20,"column":8},"end":{"line":23,"column":9}},"12":{"start":{"line":21,"column":12},"end":{"line":21,"column":32}},"13":{"start":{"line":22,"column":12},"end":{"line":22,"column":19}},"14":{"start":{"line":24,"column":22},"end":{"line":24,"column":42}},"15":{"start":{"line":25,"column":8},"end":{"line":25,"column":24}},"16":{"start":{"line":28,"column":0},"end":{"line":33,"column":7}},"17":{"start":{"line":31,"column":8},"end":{"line":31,"column":null}},"18":{"start":{"line":32,"column":8},"end":{"line":32,"column":28}},"19":{"start":{"line":35,"column":0},"end":{"line":40,"column":7}},"20":{"start":{"line":38,"column":8},"end":{"line":38,"column":null}},"21":{"start":{"line":39,"column":8},"end":{"line":39,"column":28}},"22":{"start":{"line":42,"column":0},"end":{"line":63,"column":7}},"23":{"start":{"line":51,"column":8},"end":{"line":54,"column":9}},"24":{"start":{"line":52,"column":12},"end":{"line":52,"column":32}},"25":{"start":{"line":53,"column":12},"end":{"line":53,"column":19}},"26":{"start":{"line":55,"column":29},"end":{"line":55,"column":61}},"27":{"start":{"line":56,"column":8},"end":{"line":62,"column":9}},"28":{"start":{"line":57,"column":40},"end":{"line":57,"column":70}},"29":{"start":{"line":58,"column":12},"end":{"line":58,"column":54}},"30":{"start":{"line":59,"column":12},"end":{"line":59,"column":19}},"31":{"start":{"line":61,"column":12},"end":{"line":61,"column":32}},"32":{"start":{"line":77,"column":0},"end":{"line":131,"column":7}},"33":{"start":{"line":79,"column":8},"end":{"line":81,"column":9}},"34":{"start":{"line":80,"column":12},"end":{"line":80,"column":24}},"35":{"start":{"line":82,"column":8},"end":{"line":84,"column":9}},"36":{"start":{"line":83,"column":12},"end":{"line":83,"column":49}},"37":{"start":{"line":85,"column":24},"end":{"line":85,"column":55}},"38":{"start":{"line":86,"column":8},"end":{"line":88,"column":9}},"39":{"start":{"line":87,"column":12},"end":{"line":87,"column":68}},"40":{"start":{"line":89,"column":8},"end":{"line":89,"column":20}},"41":{"start":{"line":93,"column":25},"end":{"line":93,"column":66}},"42":{"start":{"line":94,"column":8},"end":{"line":96,"column":9}},"43":{"start":{"line":95,"column":12},"end":{"line":95,"column":68}},"44":{"start":{"line":97,"column":8},"end":{"line":97,"column":20}},"45":{"start":{"line":107,"column":8},"end":{"line":110,"column":9}},"46":{"start":{"line":108,"column":12},"end":{"line":108,"column":32}},"47":{"start":{"line":109,"column":12},"end":{"line":109,"column":19}},"48":{"start":{"line":111,"column":19},"end":{"line":111,"column":32}},"49":{"start":{"line":112,"column":8},"end":{"line":116,"column":9}},"50":{"start":{"line":113,"column":12},"end":{"line":113,"column":null}},"51":{"start":{"line":114,"column":12},"end":{"line":114,"column":32}},"52":{"start":{"line":115,"column":12},"end":{"line":115,"column":19}},"53":{"start":{"line":118,"column":26},"end":{"line":118,"column":37}},"54":{"start":{"line":119,"column":8},"end":{"line":122,"column":9}},"55":{"start":{"line":120,"column":12},"end":{"line":120,"column":32}},"56":{"start":{"line":121,"column":12},"end":{"line":121,"column":19}},"57":{"start":{"line":124,"column":29},"end":{"line":124,"column":53}},"58":{"start":{"line":125,"column":8},"end":{"line":130,"column":9}},"59":{"start":{"line":126,"column":40},"end":{"line":126,"column":70}},"60":{"start":{"line":127,"column":12},"end":{"line":127,"column":42}},"61":{"start":{"line":129,"column":12},"end":{"line":129,"column":32}},"62":{"start":{"line":133,"column":0},"end":{"line":166,"column":7}},"63":{"start":{"line":139,"column":25},"end":{"line":139,"column":66}},"64":{"start":{"line":140,"column":8},"end":{"line":142,"column":9}},"65":{"start":{"line":141,"column":12},"end":{"line":141,"column":68}},"66":{"start":{"line":143,"column":8},"end":{"line":143,"column":20}},"67":{"start":{"line":149,"column":49},"end":{"line":149,"column":57}},"68":{"start":{"line":151,"column":25},"end":{"line":151,"column":41}},"69":{"start":{"line":152,"column":29},"end":{"line":152,"column":46}},"70":{"start":{"line":154,"column":8},"end":{"line":157,"column":9}},"71":{"start":{"line":155,"column":12},"end":{"line":155,"column":32}},"72":{"start":{"line":156,"column":12},"end":{"line":156,"column":19}},"73":{"start":{"line":159,"column":8},"end":{"line":165,"column":9}},"74":{"start":{"line":160,"column":40},"end":{"line":160,"column":90}},"75":{"start":{"line":161,"column":12},"end":{"line":161,"column":42}},"76":{"start":{"line":163,"column":12},"end":{"line":163,"column":32}},"77":{"start":{"line":164,"column":12},"end":{"line":164,"column":19}},"78":{"start":{"line":168,"column":0},"end":{"line":198,"column":null}},"79":{"start":{"line":170,"column":8},"end":{"line":172,"column":9}},"80":{"start":{"line":171,"column":12},"end":{"line":171,"column":24}},"81":{"start":{"line":173,"column":8},"end":{"line":175,"column":9}},"82":{"start":{"line":174,"column":12},"end":{"line":174,"column":49}},"83":{"start":{"line":176,"column":8},"end":{"line":176,"column":20}},"84":{"start":{"line":181,"column":8},"end":{"line":184,"column":9}},"85":{"start":{"line":182,"column":12},"end":{"line":182,"column":32}},"86":{"start":{"line":183,"column":12},"end":{"line":183,"column":19}},"87":{"start":{"line":185,"column":19},"end":{"line":185,"column":32}},"88":{"start":{"line":186,"column":8},"end":{"line":190,"column":9}},"89":{"start":{"line":187,"column":12},"end":{"line":187,"column":null}},"90":{"start":{"line":188,"column":12},"end":{"line":188,"column":32}},"91":{"start":{"line":189,"column":12},"end":{"line":189,"column":19}},"92":{"start":{"line":191,"column":8},"end":{"line":197,"column":9}},"93":{"start":{"line":192,"column":12},"end":{"line":192,"column":33}},"94":{"start":{"line":193,"column":12},"end":{"line":193,"column":null}},"95":{"start":{"line":195,"column":12},"end":{"line":195,"column":32}},"96":{"start":{"line":196,"column":12},"end":{"line":196,"column":19}}},"fnMap":{"0":{"name":"(anonymous_1)","decl":{"start":{"line":9,"column":17},"end":{"line":9,"column":18}},"loc":{"start":{"line":9,"column":93},"end":{"line":15,"column":1}}},"1":{"name":"(anonymous_2)","decl":{"start":{"line":19,"column":4},"end":{"line":19,"column":9}},"loc":{"start":{"line":19,"column":24},"end":{"line":26,"column":5}}},"2":{"name":"(anonymous_3)","decl":{"start":{"line":30,"column":4},"end":{"line":30,"column":9}},"loc":{"start":{"line":30,"column":31},"end":{"line":33,"column":5}}},"3":{"name":"(anonymous_4)","decl":{"start":{"line":37,"column":4},"end":{"line":37,"column":9}},"loc":{"start":{"line":37,"column":31},"end":{"line":40,"column":5}}},"4":{"name":"(anonymous_5)","decl":{"start":{"line":50,"column":4},"end":{"line":50,"column":9}},"loc":{"start":{"line":50,"column":54},"end":{"line":63,"column":5}}},"5":{"name":"(anonymous_6)","decl":{"start":{"line":78,"column":23},"end":{"line":78,"column":24}},"loc":{"start":{"line":78,"column":42},"end":{"line":90,"column":5}}},"6":{"name":"(anonymous_7)","decl":{"start":{"line":92,"column":22},"end":{"line":92,"column":23}},"loc":{"start":{"line":92,"column":41},"end":{"line":98,"column":5}}},"7":{"name":"(anonymous_8)","decl":{"start":{"line":106,"column":4},"end":{"line":106,"column":9}},"loc":{"start":{"line":106,"column":66},"end":{"line":131,"column":5}}},"8":{"name":"(anonymous_9)","decl":{"start":{"line":138,"column":22},"end":{"line":138,"column":23}},"loc":{"start":{"line":138,"column":41},"end":{"line":144,"column":5}}},"9":{"name":"(anonymous_10)","decl":{"start":{"line":147,"column":4},"end":{"line":147,"column":9}},"loc":{"start":{"line":147,"column":110},"end":{"line":166,"column":5}}},"10":{"name":"(anonymous_11)","decl":{"start":{"line":169,"column":23},"end":{"line":169,"column":24}},"loc":{"start":{"line":169,"column":33},"end":{"line":177,"column":5}}},"11":{"name":"(anonymous_12)","decl":{"start":{"line":180,"column":4},"end":{"line":180,"column":9}},"loc":{"start":{"line":180,"column":48},"end":{"line":198,"column":5}}}},"branchMap":{"0":{"loc":{"start":{"line":11,"column":4},"end":{"line":13,"column":5}},"type":"if","locations":[{"start":{"line":11,"column":4},"end":{"line":13,"column":5}},{"start":{},"end":{}}]},"1":{"loc":{"start":{"line":20,"column":8},"end":{"line":23,"column":9}},"type":"if","locations":[{"start":{"line":20,"column":8},"end":{"line":23,"column":9}},{"start":{},"end":{}}]},"2":{"loc":{"start":{"line":51,"column":8},"end":{"line":54,"column":9}},"type":"if","locations":[{"start":{"line":51,"column":8},"end":{"line":54,"column":9}},{"start":{},"end":{}}]},"3":{"loc":{"start":{"line":79,"column":8},"end":{"line":81,"column":9}},"type":"if","locations":[{"start":{"line":79,"column":8},"end":{"line":81,"column":9}},{"start":{},"end":{}}]},"4":{"loc":{"start":{"line":82,"column":8},"end":{"line":84,"column":9}},"type":"if","locations":[{"start":{"line":82,"column":8},"end":{"line":84,"column":9}},{"start":{},"end":{}}]},"5":{"loc":{"start":{"line":86,"column":8},"end":{"line":88,"column":9}},"type":"if","locations":[{"start":{"line":86,"column":8},"end":{"line":88,"column":9}},{"start":{},"end":{}}]},"6":{"loc":{"start":{"line":86,"column":12},"end":{"line":86,"column":38}},"type":"binary-expr","locations":[{"start":{"line":86,"column":12},"end":{"line":86,"column":18}},{"start":{"line":86,"column":22},"end":{"line":86,"column":38}}]},"7":{"loc":{"start":{"line":94,"column":8},"end":{"line":96,"column":9}},"type":"if","locations":[{"start":{"line":94,"column":8},"end":{"line":96,"column":9}},{"start":{},"end":{}}]},"8":{"loc":{"start":{"line":107,"column":8},"end":{"line":110,"column":9}},"type":"if","locations":[{"start":{"line":107,"column":8},"end":{"line":110,"column":9}},{"start":{},"end":{}}]},"9":{"loc":{"start":{"line":112,"column":8},"end":{"line":116,"column":9}},"type":"if","locations":[{"start":{"line":112,"column":8},"end":{"line":116,"column":9}},{"start":{},"end":{}}]},"10":{"loc":{"start":{"line":119,"column":8},"end":{"line":122,"column":9}},"type":"if","locations":[{"start":{"line":119,"column":8},"end":{"line":122,"column":9}},{"start":{},"end":{}}]},"11":{"loc":{"start":{"line":140,"column":8},"end":{"line":142,"column":9}},"type":"if","locations":[{"start":{"line":140,"column":8},"end":{"line":142,"column":9}},{"start":{},"end":{}}]},"12":{"loc":{"start":{"line":154,"column":8},"end":{"line":157,"column":9}},"type":"if","locations":[{"start":{"line":154,"column":8},"end":{"line":157,"column":9}},{"start":{},"end":{}}]},"13":{"loc":{"start":{"line":154,"column":12},"end":{"line":154,"column":38}},"type":"binary-expr","locations":[{"start":{"line":154,"column":12},"end":{"line":154,"column":21}},{"start":{"line":154,"column":25},"end":{"line":154,"column":38}}]},"14":{"loc":{"start":{"line":170,"column":8},"end":{"line":172,"column":9}},"type":"if","locations":[{"start":{"line":170,"column":8},"end":{"line":172,"column":9}},{"start":{},"end":{}}]},"15":{"loc":{"start":{"line":173,"column":8},"end":{"line":175,"column":9}},"type":"if","locations":[{"start":{"line":173,"column":8},"end":{"line":175,"column":9}},{"start":{},"end":{}}]},"16":{"loc":{"start":{"line":181,"column":8},"end":{"line":184,"column":9}},"type":"if","locations":[{"start":{"line":181,"column":8},"end":{"line":184,"column":9}},{"start":{},"end":{}}]},"17":{"loc":{"start":{"line":186,"column":8},"end":{"line":190,"column":9}},"type":"if","locations":[{"start":{"line":186,"column":8},"end":{"line":190,"column":9}},{"start":{},"end":{}}]}},"s":{"0":12,"1":12,"2":12,"3":12,"4":12,"5":12,"6":30,"7":30,"8":7,"9":23,"10":12,"11":3,"12":1,"13":1,"14":2,"15":2,"16":12,"17":1,"18":1,"19":12,"20":1,"21":1,"22":12,"23":5,"24":1,"25":1,"26":4,"27":4,"28":4,"29":3,"30":3,"31":1,"32":12,"33":8,"34":1,"35":7,"36":0,"37":7,"38":7,"39":2,"40":5,"41":8,"42":8,"43":3,"44":5,"45":5,"46":1,"47":1,"48":4,"49":4,"50":1,"51":1,"52":1,"53":3,"54":3,"55":0,"56":0,"57":3,"58":3,"59":3,"60":2,"61":1,"62":12,"63":7,"64":7,"65":0,"66":7,"67":6,"68":6,"69":6,"70":6,"71":2,"72":2,"73":4,"74":4,"75":2,"76":2,"77":2,"78":12,"79":7,"80":1,"81":6,"82":1,"83":5,"84":5,"85":1,"86":1,"87":4,"88":4,"89":1,"90":1,"91":1,"92":3,"93":3,"94":2,"95":1,"96":1},"f":{"0":30,"1":3,"2":1,"3":1,"4":5,"5":8,"6":8,"7":5,"8":7,"9":6,"10":7,"11":5},"b":{"0":[7,23],"1":[1,2],"2":[1,4],"3":[1,7],"4":[0,7],"5":[2,5],"6":[7,6],"7":[3,5],"8":[1,4],"9":[1,3],"10":[0,3],"11":[0,7],"12":[2,4],"13":[6,4],"14":[1,6],"15":[1,5],"16":[1,4],"17":[1,3]}}
,"/workspaces/we2.blatt06/src/routes/thema.ts": {"path":"/workspaces/we2.blatt06/src/routes/thema.ts","statementMap":{"0":{"start":{"line":1,"column":0},"end":{"line":1,"column":43}},"1":{"start":{"line":2,"column":0},"end":{"line":2,"column":91}},"2":{"start":{"line":4,"column":0},"end":{"line":4,"column":79}},"3":{"start":{"line":5,"column":0},"end":{"line":5,"column":82}},"4":{"start":{"line":6,"column":0},"end":{"line":6,"column":54}},"5":{"start":{"line":8,"column":13},"end":{"line":8,"column":44}},"6":{"start":{"line":10,"column":17},"end":{"line":16,"column":1}},"7":{"start":{"line":11,"column":19},"end":{"line":11,"column":40}},"8":{"start":{"line":12,"column":4},"end":{"line":14,"column":5}},"9":{"start":{"line":13,"column":8},"end":{"line":13,"column":64}},"10":{"start":{"line":15,"column":4},"end":{"line":15,"column":11}},"11":{"start":{"line":18,"column":0},"end":{"line":47,"column":7}},"12":{"start":{"line":29,"column":30},"end":{"line":29,"column":63}},"13":{"start":{"line":30,"column":8},"end":{"line":46,"column":9}},"14":{"start":{"line":31,"column":27},"end":{"line":31,"column":64}},"15":{"start":{"line":32,"column":12},"end":{"line":34,"column":13}},"16":{"start":{"line":33,"column":16},"end":{"line":33,"column":43}},"17":{"start":{"line":36,"column":12},"end":{"line":38,"column":13}},"18":{"start":{"line":37,"column":16},"end":{"line":37,"column":43}},"19":{"start":{"line":40,"column":12},"end":{"line":40,"column":49}},"20":{"start":{"line":42,"column":33},"end":{"line":42,"column":65}},"21":{"start":{"line":43,"column":12},"end":{"line":43,"column":47}},"22":{"start":{"line":45,"column":12},"end":{"line":45,"column":32}},"23":{"start":{"line":49,"column":0},"end":{"line":82,"column":7}},"24":{"start":{"line":54,"column":19},"end":{"line":54,"column":32}},"25":{"start":{"line":56,"column":8},"end":{"line":81,"column":9}},"26":{"start":{"line":57,"column":26},"end":{"line":57,"column":44}},"27":{"start":{"line":59,"column":12},"end":{"line":62,"column":13}},"28":{"start":{"line":60,"column":16},"end":{"line":60,"column":36}},"29":{"start":{"line":61,"column":16},"end":{"line":61,"column":23}},"30":{"start":{"line":64,"column":27},"end":{"line":64,"column":56}},"31":{"start":{"line":65,"column":12},"end":{"line":67,"column":13}},"32":{"start":{"line":66,"column":16},"end":{"line":66,"column":43}},"33":{"start":{"line":69,"column":12},"end":{"line":76,"column":13}},"34":{"start":{"line":70,"column":37},"end":{"line":70,"column":68}},"35":{"start":{"line":71,"column":36},"end":{"line":71,"column":65}},"36":{"start":{"line":73,"column":16},"end":{"line":75,"column":17}},"37":{"start":{"line":74,"column":20},"end":{"line":74,"column":47}},"38":{"start":{"line":78,"column":12},"end":{"line":78,"column":40}},"39":{"start":{"line":80,"column":12},"end":{"line":80,"column":32}},"40":{"start":{"line":84,"column":0},"end":{"line":133,"column":7}},"41":{"start":{"line":87,"column":25},"end":{"line":87,"column":66}},"42":{"start":{"line":88,"column":8},"end":{"line":90,"column":9}},"43":{"start":{"line":89,"column":12},"end":{"line":89,"column":68}},"44":{"start":{"line":91,"column":8},"end":{"line":91,"column":20}},"45":{"start":{"line":103,"column":19},"end":{"line":103,"column":32}},"46":{"start":{"line":104,"column":24},"end":{"line":104,"column":49}},"47":{"start":{"line":106,"column":8},"end":{"line":132,"column":9}},"48":{"start":{"line":107,"column":26},"end":{"line":107,"column":44}},"49":{"start":{"line":109,"column":12},"end":{"line":112,"column":13}},"50":{"start":{"line":110,"column":16},"end":{"line":110,"column":36}},"51":{"start":{"line":111,"column":16},"end":{"line":111,"column":23}},"52":{"start":{"line":114,"column":27},"end":{"line":114,"column":56}},"53":{"start":{"line":115,"column":12},"end":{"line":117,"column":13}},"54":{"start":{"line":116,"column":16},"end":{"line":116,"column":43}},"55":{"start":{"line":119,"column":33},"end":{"line":119,"column":64}},"56":{"start":{"line":120,"column":32},"end":{"line":120,"column":61}},"57":{"start":{"line":122,"column":12},"end":{"line":124,"column":13}},"58":{"start":{"line":123,"column":16},"end":{"line":123,"column":43}},"59":{"start":{"line":126,"column":12},"end":{"line":126,"column":28}},"60":{"start":{"line":128,"column":33},"end":{"line":128,"column":59}},"61":{"start":{"line":129,"column":12},"end":{"line":129,"column":47}},"62":{"start":{"line":131,"column":12},"end":{"line":131,"column":32}},"63":{"start":{"line":135,"column":0},"end":{"line":166,"column":7}},"64":{"start":{"line":140,"column":19},"end":{"line":140,"column":32}},"65":{"start":{"line":141,"column":8},"end":{"line":165,"column":9}},"66":{"start":{"line":142,"column":26},"end":{"line":142,"column":44}},"67":{"start":{"line":144,"column":12},"end":{"line":147,"column":13}},"68":{"start":{"line":145,"column":16},"end":{"line":145,"column":36}},"69":{"start":{"line":146,"column":16},"end":{"line":146,"column":23}},"70":{"start":{"line":149,"column":27},"end":{"line":149,"column":56}},"71":{"start":{"line":150,"column":12},"end":{"line":152,"column":13}},"72":{"start":{"line":151,"column":16},"end":{"line":151,"column":43}},"73":{"start":{"line":154,"column":33},"end":{"line":154,"column":64}},"74":{"start":{"line":155,"column":32},"end":{"line":155,"column":61}},"75":{"start":{"line":157,"column":12},"end":{"line":159,"column":13}},"76":{"start":{"line":158,"column":16},"end":{"line":158,"column":43}},"77":{"start":{"line":161,"column":12},"end":{"line":161,"column":34}},"78":{"start":{"line":162,"column":12},"end":{"line":162,"column":32}},"79":{"start":{"line":164,"column":12},"end":{"line":164,"column":32}}},"fnMap":{"0":{"name":"(anonymous_1)","decl":{"start":{"line":10,"column":17},"end":{"line":10,"column":18}},"loc":{"start":{"line":10,"column":93},"end":{"line":16,"column":1}}},"1":{"name":"(anonymous_2)","decl":{"start":{"line":28,"column":4},"end":{"line":28,"column":9}},"loc":{"start":{"line":28,"column":55},"end":{"line":47,"column":5}}},"2":{"name":"(anonymous_3)","decl":{"start":{"line":53,"column":4},"end":{"line":53,"column":9}},"loc":{"start":{"line":53,"column":48},"end":{"line":82,"column":5}}},"3":{"name":"(anonymous_4)","decl":{"start":{"line":86,"column":33},"end":{"line":86,"column":34}},"loc":{"start":{"line":86,"column":52},"end":{"line":92,"column":5}}},"4":{"name":"(anonymous_5)","decl":{"start":{"line":102,"column":4},"end":{"line":102,"column":9}},"loc":{"start":{"line":102,"column":67},"end":{"line":133,"column":5}}},"5":{"name":"(anonymous_6)","decl":{"start":{"line":139,"column":4},"end":{"line":139,"column":9}},"loc":{"start":{"line":139,"column":48},"end":{"line":166,"column":5}}}},"branchMap":{"0":{"loc":{"start":{"line":12,"column":4},"end":{"line":14,"column":5}},"type":"if","locations":[{"start":{"line":12,"column":4},"end":{"line":14,"column":5}},{"start":{},"end":{}}]},"1":{"loc":{"start":{"line":32,"column":12},"end":{"line":34,"column":13}},"type":"if","locations":[{"start":{"line":32,"column":12},"end":{"line":34,"column":13}},{"start":{},"end":{}}]},"2":{"loc":{"start":{"line":36,"column":12},"end":{"line":38,"column":13}},"type":"if","locations":[{"start":{"line":36,"column":12},"end":{"line":38,"column":13}},{"start":{},"end":{}}]},"3":{"loc":{"start":{"line":36,"column":16},"end":{"line":36,"column":65}},"type":"binary-expr","locations":[{"start":{"line":36,"column":16},"end":{"line":36,"column":30}},{"start":{"line":36,"column":34},"end":{"line":36,"column":65}}]},"4":{"loc":{"start":{"line":59,"column":12},"end":{"line":62,"column":13}},"type":"if","locations":[{"start":{"line":59,"column":12},"end":{"line":62,"column":13}},{"start":{},"end":{}}]},"5":{"loc":{"start":{"line":65,"column":12},"end":{"line":67,"column":13}},"type":"if","locations":[{"start":{"line":65,"column":12},"end":{"line":67,"column":13}},{"start":{},"end":{}}]},"6":{"loc":{"start":{"line":69,"column":12},"end":{"line":76,"column":13}},"type":"if","locations":[{"start":{"line":69,"column":12},"end":{"line":76,"column":13}},{"start":{},"end":{}}]},"7":{"loc":{"start":{"line":73,"column":16},"end":{"line":75,"column":17}},"type":"if","locations":[{"start":{"line":73,"column":16},"end":{"line":75,"column":17}},{"start":{},"end":{}}]},"8":{"loc":{"start":{"line":73,"column":20},"end":{"line":73,"column":49}},"type":"binary-expr","locations":[{"start":{"line":73,"column":20},"end":{"line":73,"column":33}},{"start":{"line":73,"column":37},"end":{"line":73,"column":49}}]},"9":{"loc":{"start":{"line":88,"column":8},"end":{"line":90,"column":9}},"type":"if","locations":[{"start":{"line":88,"column":8},"end":{"line":90,"column":9}},{"start":{},"end":{}}]},"10":{"loc":{"start":{"line":88,"column":12},"end":{"line":88,"column":38}},"type":"binary-expr","locations":[{"start":{"line":88,"column":12},"end":{"line":88,"column":17}},{"start":{"line":88,"column":21},"end":{"line":88,"column":38}}]},"11":{"loc":{"start":{"line":109,"column":12},"end":{"line":112,"column":13}},"type":"if","locations":[{"start":{"line":109,"column":12},"end":{"line":112,"column":13}},{"start":{},"end":{}}]},"12":{"loc":{"start":{"line":115,"column":12},"end":{"line":117,"column":13}},"type":"if","locations":[{"start":{"line":115,"column":12},"end":{"line":117,"column":13}},{"start":{},"end":{}}]},"13":{"loc":{"start":{"line":122,"column":12},"end":{"line":124,"column":13}},"type":"if","locations":[{"start":{"line":122,"column":12},"end":{"line":124,"column":13}},{"start":{},"end":{}}]},"14":{"loc":{"start":{"line":122,"column":16},"end":{"line":122,"column":45}},"type":"binary-expr","locations":[{"start":{"line":122,"column":16},"end":{"line":122,"column":29}},{"start":{"line":122,"column":33},"end":{"line":122,"column":45}}]},"15":{"loc":{"start":{"line":144,"column":12},"end":{"line":147,"column":13}},"type":"if","locations":[{"start":{"line":144,"column":12},"end":{"line":147,"column":13}},{"start":{},"end":{}}]},"16":{"loc":{"start":{"line":150,"column":12},"end":{"line":152,"column":13}},"type":"if","locations":[{"start":{"line":150,"column":12},"end":{"line":152,"column":13}},{"start":{},"end":{}}]},"17":{"loc":{"start":{"line":157,"column":12},"end":{"line":159,"column":13}},"type":"if","locations":[{"start":{"line":157,"column":12},"end":{"line":159,"column":13}},{"start":{},"end":{}}]},"18":{"loc":{"start":{"line":157,"column":16},"end":{"line":157,"column":45}},"type":"binary-expr","locations":[{"start":{"line":157,"column":16},"end":{"line":157,"column":29}},{"start":{"line":157,"column":33},"end":{"line":157,"column":45}}]}},"s":{"0":12,"1":12,"2":12,"3":12,"4":12,"5":12,"6":12,"7":28,"8":28,"9":9,"10":19,"11":12,"12":4,"13":4,"14":4,"15":3,"16":0,"17":3,"18":1,"19":2,"20":2,"21":2,"22":1,"23":12,"24":5,"25":5,"26":5,"27":5,"28":1,"29":1,"30":4,"31":4,"32":0,"33":4,"34":3,"35":3,"36":3,"37":1,"38":3,"39":0,"40":12,"41":2,"42":2,"43":1,"44":1,"45":4,"46":4,"47":4,"48":4,"49":3,"50":1,"51":1,"52":2,"53":2,"54":0,"55":2,"56":2,"57":2,"58":1,"59":1,"60":1,"61":1,"62":1,"63":12,"64":5,"65":5,"66":5,"67":4,"68":1,"69":1,"70":3,"71":3,"72":0,"73":3,"74":3,"75":3,"76":1,"77":2,"78":2,"79":1},"f":{"0":28,"1":4,"2":5,"3":2,"4":4,"5":5},"b":{"0":[9,19],"1":[0,3],"2":[1,2],"3":[3,1],"4":[1,4],"5":[0,4],"6":[3,1],"7":[1,2],"8":[3,1],"9":[1,1],"10":[2,2],"11":[1,2],"12":[0,2],"13":[1,1],"14":[2,1],"15":[1,3],"16":[0,3],"17":[1,2],"18":[3,1]}}
,"/workspaces/we2.blatt06/src/services/AuthenticationService.ts": {"path":"/workspaces/we2.blatt06/src/services/AuthenticationService.ts","statementMap":{"0":{"start":{"line":11,"column":0},"end":{"line":11,"column":7}},"1":{"start":{"line":1,"column":0},"end":{"line":1,"column":42}},"2":{"start":{"line":12,"column":4},"end":{"line":32,"column":5}},"3":{"start":{"line":13,"column":21},"end":{"line":13,"column":53}},"4":{"start":{"line":15,"column":8},"end":{"line":17,"column":9}},"5":{"start":{"line":16,"column":12},"end":{"line":16,"column":72}},"6":{"start":{"line":19,"column":32},"end":{"line":19,"column":70}},"7":{"start":{"line":21,"column":8},"end":{"line":23,"column":9}},"8":{"start":{"line":22,"column":12},"end":{"line":22,"column":55}},"9":{"start":{"line":25,"column":8},"end":{"line":28,"column":null}},"10":{"start":{"line":30,"column":8},"end":{"line":30,"column":45}},"11":{"start":{"line":31,"column":8},"end":{"line":31,"column":21}}},"fnMap":{"0":{"name":"login","decl":{"start":{"line":11,"column":22},"end":{"line":11,"column":27}},"loc":{"start":{"line":11,"column":62},"end":{"line":33,"column":1}}}},"branchMap":{"0":{"loc":{"start":{"line":15,"column":8},"end":{"line":17,"column":9}},"type":"if","locations":[{"start":{"line":15,"column":8},"end":{"line":17,"column":9}},{"start":{},"end":{}}]},"1":{"loc":{"start":{"line":21,"column":8},"end":{"line":23,"column":9}},"type":"if","locations":[{"start":{"line":21,"column":8},"end":{"line":23,"column":9}},{"start":{},"end":{}}]},"2":{"loc":{"start":{"line":27,"column":18},"end":{"line":27,"column":40}},"type":"cond-expr","locations":[{"start":{"line":27,"column":31},"end":{"line":27,"column":34}},{"start":{"line":27,"column":37},"end":{"line":27,"column":40}}]}},"s":{"0":1,"1":1,"2":3,"3":3,"4":3,"5":1,"6":2,"7":2,"8":1,"9":1,"10":2,"11":2},"f":{"0":3},"b":{"0":[1,2],"1":[1,1],"2":[1,0]}}
,"/workspaces/we2.blatt06/src/services/GebietService.ts": {"path":"/workspaces/we2.blatt06/src/services/GebietService.ts","statementMap":{"0":{"start":{"line":14,"column":0},"end":{"line":14,"column":7}},"1":{"start":{"line":43,"column":0},"end":{"line":43,"column":7}},"2":{"start":{"line":63,"column":0},"end":{"line":63,"column":7}},"3":{"start":{"line":92,"column":0},"end":{"line":92,"column":7}},"4":{"start":{"line":129,"column":0},"end":{"line":129,"column":7}},"5":{"start":{"line":2,"column":0},"end":{"line":2,"column":62}},"6":{"start":{"line":4,"column":0},"end":{"line":4,"column":61}},"7":{"start":{"line":5,"column":0},"end":{"line":5,"column":33}},"8":{"start":{"line":6,"column":0},"end":{"line":6,"column":44}},"9":{"start":{"line":7,"column":0},"end":{"line":7,"column":45}},"10":{"start":{"line":15,"column":28},"end":{"line":15,"column":70}},"11":{"start":{"line":17,"column":42},"end":{"line":17,"column":44}},"12":{"start":{"line":19,"column":6},"end":{"line":24,"column":7}},"13":{"start":{"line":20,"column":12},"end":{"line":23,"column":15}},"14":{"start":{"line":26,"column":26},"end":{"line":26,"column":60}},"15":{"start":{"line":28,"column":6},"end":{"line":36,"column":10}},"16":{"start":{"line":28,"column":42},"end":{"line":36,"column":8}},"17":{"start":{"line":44,"column":19},"end":{"line":44,"column":51}},"18":{"start":{"line":46,"column":4},"end":{"line":48,"column":5}},"19":{"start":{"line":47,"column":6},"end":{"line":47,"column":54}},"20":{"start":{"line":50,"column":4},"end":{"line":57,"column":null}},"21":{"start":{"line":64,"column":21},"end":{"line":71,"column":8}},"22":{"start":{"line":73,"column":6},"end":{"line":73,"column":null}},"23":{"start":{"line":75,"column":6},"end":{"line":83,"column":null}},"24":{"start":{"line":93,"column":21},"end":{"line":93,"column":61}},"25":{"start":{"line":95,"column":6},"end":{"line":97,"column":7}},"26":{"start":{"line":96,"column":12},"end":{"line":96,"column":64}},"27":{"start":{"line":99,"column":6},"end":{"line":99,"column":40}},"28":{"start":{"line":100,"column":6},"end":{"line":100,"column":56}},"29":{"start":{"line":101,"column":6},"end":{"line":103,"column":7}},"30":{"start":{"line":102,"column":12},"end":{"line":102,"column":50}},"31":{"start":{"line":104,"column":6},"end":{"line":106,"column":7}},"32":{"start":{"line":105,"column":12},"end":{"line":105,"column":50}},"33":{"start":{"line":108,"column":26},"end":{"line":108,"column":45}},"34":{"start":{"line":110,"column":6},"end":{"line":117,"column":null}},"35":{"start":{"line":130,"column":23},"end":{"line":130,"column":45}},"36":{"start":{"line":131,"column":27},"end":{"line":131,"column":75}},"37":{"start":{"line":132,"column":6},"end":{"line":134,"column":7}},"38":{"start":{"line":133,"column":12},"end":{"line":133,"column":86}},"39":{"start":{"line":136,"column":21},"end":{"line":136,"column":66}},"40":{"start":{"line":137,"column":6},"end":{"line":143,"column":7}},"41":{"start":{"line":138,"column":12},"end":{"line":142,"column":13}},"42":{"start":{"line":139,"column":18},"end":{"line":139,"column":46}},"43":{"start":{"line":141,"column":18},"end":{"line":141,"column":37}}},"fnMap":{"0":{"name":"getAlleGebiete","decl":{"start":{"line":14,"column":22},"end":{"line":14,"column":36}},"loc":{"start":{"line":14,"column":52},"end":{"line":37,"column":1}}},"1":{"name":"(anonymous_1)","decl":{"start":{"line":28,"column":29},"end":{"line":28,"column":30}},"loc":{"start":{"line":28,"column":42},"end":{"line":36,"column":8}}},"2":{"name":"getGebiet","decl":{"start":{"line":43,"column":22},"end":{"line":43,"column":31}},"loc":{"start":{"line":43,"column":42},"end":{"line":58,"column":1}}},"3":{"name":"createGebiet","decl":{"start":{"line":63,"column":22},"end":{"line":63,"column":34}},"loc":{"start":{"line":63,"column":65},"end":{"line":84,"column":1}}},"4":{"name":"updateGebiet","decl":{"start":{"line":92,"column":22},"end":{"line":92,"column":34}},"loc":{"start":{"line":92,"column":65},"end":{"line":120,"column":1}}},"5":{"name":"deleteGebiet","decl":{"start":{"line":129,"column":22},"end":{"line":129,"column":34}},"loc":{"start":{"line":129,"column":45},"end":{"line":144,"column":1}}}},"branchMap":{"0":{"loc":{"start":{"line":19,"column":6},"end":{"line":24,"column":7}},"type":"if","locations":[{"start":{"line":19,"column":6},"end":{"line":24,"column":7}},{"start":{},"end":{}}]},"1":{"loc":{"start":{"line":46,"column":4},"end":{"line":48,"column":5}},"type":"if","locations":[{"start":{"line":46,"column":4},"end":{"line":48,"column":5}},{"start":{},"end":{}}]},"2":{"loc":{"start":{"line":95,"column":6},"end":{"line":97,"column":7}},"type":"if","locations":[{"start":{"line":95,"column":6},"end":{"line":97,"column":7}},{"start":{},"end":{}}]},"3":{"loc":{"start":{"line":101,"column":6},"end":{"line":103,"column":7}},"type":"if","locations":[{"start":{"line":101,"column":6},"end":{"line":103,"column":7}},{"start":{},"end":{}}]},"4":{"loc":{"start":{"line":104,"column":6},"end":{"line":106,"column":7}},"type":"if","locations":[{"start":{"line":104,"column":6},"end":{"line":106,"column":7}},{"start":{},"end":{}}]},"5":{"loc":{"start":{"line":132,"column":6},"end":{"line":134,"column":7}},"type":"if","locations":[{"start":{"line":132,"column":6},"end":{"line":134,"column":7}},{"start":{},"end":{}}]}},"s":{"0":14,"1":14,"2":14,"3":14,"4":14,"5":14,"6":14,"7":14,"8":14,"9":14,"10":6,"11":6,"12":6,"13":1,"14":6,"15":6,"16":16,"17":27,"18":27,"19":3,"20":24,"21":84,"22":84,"23":84,"24":4,"25":4,"26":1,"27":3,"28":3,"29":3,"30":3,"31":3,"32":1,"33":3,"34":3,"35":5,"36":5,"37":5,"38":1,"39":4,"40":4,"41":2,"42":2,"43":0},"f":{"0":6,"1":16,"2":27,"3":84,"4":4,"5":5},"b":{"0":[1,5],"1":[3,24],"2":[1,3],"3":[3,0],"4":[1,2],"5":[1,4]}}
,"/workspaces/we2.blatt06/src/services/JWTService.ts": {"path":"/workspaces/we2.blatt06/src/services/JWTService.ts","statementMap":{"0":{"start":{"line":6,"column":0},"end":{"line":6,"column":7}},"1":{"start":{"line":49,"column":0},"end":{"line":49,"column":16}},"2":{"start":{"line":1,"column":0},"end":{"line":1,"column":56}},"3":{"start":{"line":2,"column":0},"end":{"line":2,"column":42}},"4":{"start":{"line":3,"column":0},"end":{"line":3,"column":34}},"5":{"start":{"line":7,"column":4},"end":{"line":46,"column":5}},"6":{"start":{"line":8,"column":21},"end":{"line":8,"column":63}},"7":{"start":{"line":10,"column":8},"end":{"line":13,"column":9}},"8":{"start":{"line":11,"column":12},"end":{"line":11,"column":95}},"9":{"start":{"line":12,"column":12},"end":{"line":12,"column":29}},"10":{"start":{"line":15,"column":32},"end":{"line":15,"column":70}},"11":{"start":{"line":17,"column":8},"end":{"line":20,"column":9}},"12":{"start":{"line":18,"column":12},"end":{"line":18,"column":102}},"13":{"start":{"line":19,"column":12},"end":{"line":19,"column":29}},"14":{"start":{"line":22,"column":26},"end":{"line":22,"column":48}},"15":{"start":{"line":23,"column":8},"end":{"line":26,"column":9}},"16":{"start":{"line":24,"column":12},"end":{"line":24,"column":86}},"17":{"start":{"line":25,"column":12},"end":{"line":25,"column":53}},"18":{"start":{"line":28,"column":24},"end":{"line":31,"column":10}},"19":{"start":{"line":33,"column":20},"end":{"line":33,"column":77}},"20":{"start":{"line":35,"column":22},"end":{"line":38,"column":10}},"21":{"start":{"line":40,"column":8},"end":{"line":40,"column":83}},"22":{"start":{"line":41,"column":8},"end":{"line":41,"column":21}},"23":{"start":{"line":44,"column":8},"end":{"line":44,"column":71}},"24":{"start":{"line":45,"column":8},"end":{"line":45,"column":25}},"25":{"start":{"line":50,"column":4},"end":{"line":72,"column":5}},"26":{"start":{"line":51,"column":26},"end":{"line":51,"column":48}},"27":{"start":{"line":52,"column":8},"end":{"line":55,"column":9}},"28":{"start":{"line":53,"column":12},"end":{"line":53,"column":86}},"29":{"start":{"line":54,"column":12},"end":{"line":54,"column":53}},"30":{"start":{"line":57,"column":8},"end":{"line":60,"column":9}},"31":{"start":{"line":58,"column":12},"end":{"line":58,"column":50}},"32":{"start":{"line":59,"column":12},"end":{"line":59,"column":53}},"33":{"start":{"line":62,"column":24},"end":{"line":62,"column":59}},"34":{"start":{"line":64,"column":8},"end":{"line":68,"column":10}},"35":{"start":{"line":70,"column":8},"end":{"line":70,"column":54}},"36":{"start":{"line":71,"column":8},"end":{"line":71,"column":20}}},"fnMap":{"0":{"name":"verifyPasswordAndCreateJWT","decl":{"start":{"line":6,"column":22},"end":{"line":6,"column":48}},"loc":{"start":{"line":6,"column":83},"end":{"line":47,"column":1}}},"1":{"name":"verifyJWT","decl":{"start":{"line":49,"column":16},"end":{"line":49,"column":25}},"loc":{"start":{"line":49,"column":55},"end":{"line":73,"column":1}}}},"branchMap":{"0":{"loc":{"start":{"line":10,"column":8},"end":{"line":13,"column":9}},"type":"if","locations":[{"start":{"line":10,"column":8},"end":{"line":13,"column":9}},{"start":{},"end":{}}]},"1":{"loc":{"start":{"line":17,"column":8},"end":{"line":20,"column":9}},"type":"if","locations":[{"start":{"line":17,"column":8},"end":{"line":20,"column":9}},{"start":{},"end":{}}]},"2":{"loc":{"start":{"line":23,"column":8},"end":{"line":26,"column":9}},"type":"if","locations":[{"start":{"line":23,"column":8},"end":{"line":26,"column":9}},{"start":{},"end":{}}]},"3":{"loc":{"start":{"line":30,"column":18},"end":{"line":30,"column":40}},"type":"cond-expr","locations":[{"start":{"line":30,"column":31},"end":{"line":30,"column":34}},{"start":{"line":30,"column":37},"end":{"line":30,"column":40}}]},"4":{"loc":{"start":{"line":33,"column":20},"end":{"line":33,"column":77}},"type":"cond-expr","locations":[{"start":{"line":33,"column":42},"end":{"line":33,"column":71}},{"start":{"line":33,"column":74},"end":{"line":33,"column":77}}]},"5":{"loc":{"start":{"line":52,"column":8},"end":{"line":55,"column":9}},"type":"if","locations":[{"start":{"line":52,"column":8},"end":{"line":55,"column":9}},{"start":{},"end":{}}]},"6":{"loc":{"start":{"line":57,"column":8},"end":{"line":60,"column":9}},"type":"if","locations":[{"start":{"line":57,"column":8},"end":{"line":60,"column":9}},{"start":{},"end":{}}]}},"s":{"0":13,"1":13,"2":13,"3":13,"4":13,"5":45,"6":45,"7":45,"8":1,"9":1,"10":44,"11":44,"12":3,"13":3,"14":41,"15":41,"16":0,"17":0,"18":41,"19":41,"20":41,"21":41,"22":41,"23":0,"24":0,"25":103,"26":103,"27":103,"28":0,"29":0,"30":103,"31":1,"32":1,"33":102,"34":99,"35":4,"36":4},"f":{"0":45,"1":103},"b":{"0":[1,44],"1":[3,41],"2":[0,41],"3":[18,23],"4":[41,0],"5":[0,103],"6":[1,102]}}
,"/workspaces/we2.blatt06/src/services/ProfService.ts": {"path":"/workspaces/we2.blatt06/src/services/ProfService.ts","statementMap":{"0":{"start":{"line":10,"column":0},"end":{"line":10,"column":7}},"1":{"start":{"line":35,"column":0},"end":{"line":35,"column":7}},"2":{"start":{"line":65,"column":0},"end":{"line":65,"column":7}},"3":{"start":{"line":87,"column":0},"end":{"line":87,"column":7}},"4":{"start":{"line":117,"column":0},"end":{"line":117,"column":7}},"5":{"start":{"line":2,"column":0},"end":{"line":2,"column":33}},"6":{"start":{"line":3,"column":0},"end":{"line":3,"column":42}},"7":{"start":{"line":4,"column":0},"end":{"line":4,"column":46}},"8":{"start":{"line":5,"column":0},"end":{"line":5,"column":47}},"9":{"start":{"line":11,"column":17},"end":{"line":17,"column":6}},"10":{"start":{"line":19,"column":4},"end":{"line":19,"column":22}},"11":{"start":{"line":21,"column":4},"end":{"line":27,"column":null}},"12":{"start":{"line":36,"column":17},"end":{"line":36,"column":60}},"13":{"start":{"line":37,"column":4},"end":{"line":39,"column":5}},"14":{"start":{"line":38,"column":8},"end":{"line":38,"column":83}},"15":{"start":{"line":40,"column":4},"end":{"line":40,"column":34}},"16":{"start":{"line":42,"column":4},"end":{"line":42,"column":36}},"17":{"start":{"line":43,"column":4},"end":{"line":43,"column":42}},"18":{"start":{"line":44,"column":4},"end":{"line":44,"column":36}},"19":{"start":{"line":45,"column":4},"end":{"line":45,"column":69}},"20":{"start":{"line":45,"column":31},"end":{"line":45,"column":69}},"21":{"start":{"line":47,"column":22},"end":{"line":47,"column":39}},"22":{"start":{"line":48,"column":4},"end":{"line":54,"column":6}},"23":{"start":{"line":66,"column":19},"end":{"line":66,"column":41}},"24":{"start":{"line":67,"column":25},"end":{"line":67,"column":69}},"25":{"start":{"line":68,"column":4},"end":{"line":70,"column":5}},"26":{"start":{"line":69,"column":8},"end":{"line":69,"column":80}},"27":{"start":{"line":72,"column":20},"end":{"line":72,"column":67}},"28":{"start":{"line":73,"column":4},"end":{"line":80,"column":5}},"29":{"start":{"line":74,"column":8},"end":{"line":79,"column":9}},"30":{"start":{"line":76,"column":12},"end":{"line":76,"column":42}},"31":{"start":{"line":88,"column":17},"end":{"line":88,"column":40}},"32":{"start":{"line":90,"column":4},"end":{"line":92,"column":5}},"33":{"start":{"line":91,"column":8},"end":{"line":91,"column":68}},"34":{"start":{"line":94,"column":28},"end":{"line":94,"column":69}},"35":{"start":{"line":96,"column":4},"end":{"line":98,"column":5}},"36":{"start":{"line":97,"column":8},"end":{"line":97,"column":61}},"37":{"start":{"line":100,"column":4},"end":{"line":100,"column":32}},"38":{"start":{"line":102,"column":4},"end":{"line":102,"column":22}},"39":{"start":{"line":104,"column":4},"end":{"line":109,"column":null}},"40":{"start":{"line":118,"column":21},"end":{"line":118,"column":47}},"41":{"start":{"line":119,"column":23},"end":{"line":125,"column":7}},"42":{"start":{"line":119,"column":47},"end":{"line":125,"column":6}},"43":{"start":{"line":126,"column":4},"end":{"line":126,"column":22}}},"fnMap":{"0":{"name":"createProf","decl":{"start":{"line":10,"column":22},"end":{"line":10,"column":32}},"loc":{"start":{"line":10,"column":59},"end":{"line":28,"column":1}}},"1":{"name":"updateProf","decl":{"start":{"line":35,"column":22},"end":{"line":35,"column":32}},"loc":{"start":{"line":35,"column":59},"end":{"line":55,"column":1}}},"2":{"name":"deleteProf","decl":{"start":{"line":65,"column":22},"end":{"line":65,"column":32}},"loc":{"start":{"line":65,"column":43},"end":{"line":81,"column":1}}},"3":{"name":"changePassword","decl":{"start":{"line":87,"column":22},"end":{"line":87,"column":36}},"loc":{"start":{"line":87,"column":89},"end":{"line":110,"column":1}}},"4":{"name":"getAlleProfs","decl":{"start":{"line":117,"column":22},"end":{"line":117,"column":34}},"loc":{"start":{"line":117,"column":34},"end":{"line":127,"column":1}}},"5":{"name":"(anonymous_5)","decl":{"start":{"line":119,"column":36},"end":{"line":119,"column":37}},"loc":{"start":{"line":119,"column":47},"end":{"line":125,"column":6}}}},"branchMap":{"0":{"loc":{"start":{"line":37,"column":4},"end":{"line":39,"column":5}},"type":"if","locations":[{"start":{"line":37,"column":4},"end":{"line":39,"column":5}},{"start":{},"end":{}}]},"1":{"loc":{"start":{"line":45,"column":4},"end":{"line":45,"column":69}},"type":"if","locations":[{"start":{"line":45,"column":4},"end":{"line":45,"column":69}},{"start":{},"end":{}}]},"2":{"loc":{"start":{"line":68,"column":4},"end":{"line":70,"column":5}},"type":"if","locations":[{"start":{"line":68,"column":4},"end":{"line":70,"column":5}},{"start":{},"end":{}}]},"3":{"loc":{"start":{"line":90,"column":4},"end":{"line":92,"column":5}},"type":"if","locations":[{"start":{"line":90,"column":4},"end":{"line":92,"column":5}},{"start":{},"end":{}}]},"4":{"loc":{"start":{"line":96,"column":4},"end":{"line":98,"column":5}},"type":"if","locations":[{"start":{"line":96,"column":4},"end":{"line":98,"column":5}},{"start":{},"end":{}}]}},"s":{"0":13,"1":13,"2":13,"3":13,"4":13,"5":13,"6":13,"7":13,"8":13,"9":149,"10":149,"11":149,"12":4,"13":4,"14":1,"15":3,"16":3,"17":3,"18":3,"19":3,"20":0,"21":3,"22":3,"23":5,"24":5,"25":5,"26":2,"27":3,"28":3,"29":1,"30":1,"31":6,"32":6,"33":1,"34":5,"35":5,"36":2,"37":3,"38":3,"39":3,"40":9,"41":9,"42":13,"43":9},"f":{"0":149,"1":4,"2":5,"3":6,"4":9,"5":13},"b":{"0":[1,3],"1":[0,3],"2":[2,3],"3":[1,5],"4":[2,3]}}
,"/workspaces/we2.blatt06/src/services/ServiceHelper.ts": {"path":"/workspaces/we2.blatt06/src/services/ServiceHelper.ts","statementMap":{"0":{"start":{"line":6,"column":0},"end":{"line":6,"column":16}},"1":{"start":{"line":17,"column":0},"end":{"line":17,"column":16}},"2":{"start":{"line":7,"column":4},"end":{"line":9,"column":5}},"3":{"start":{"line":8,"column":8},"end":{"line":8,"column":71}},"4":{"start":{"line":10,"column":4},"end":{"line":10,"column":99}},"5":{"start":{"line":18,"column":4},"end":{"line":20,"column":5}},"6":{"start":{"line":19,"column":8},"end":{"line":19,"column":76}},"7":{"start":{"line":21,"column":18},"end":{"line":21,"column":39}},"8":{"start":{"line":22,"column":4},"end":{"line":24,"column":5}},"9":{"start":{"line":23,"column":8},"end":{"line":23,"column":null}},"10":{"start":{"line":25,"column":4},"end":{"line":25,"column":60}}},"fnMap":{"0":{"name":"dateToString","decl":{"start":{"line":6,"column":16},"end":{"line":6,"column":28}},"loc":{"start":{"line":6,"column":39},"end":{"line":11,"column":1}}},"1":{"name":"stringToDate","decl":{"start":{"line":17,"column":16},"end":{"line":17,"column":28}},"loc":{"start":{"line":17,"column":47},"end":{"line":26,"column":1}}}},"branchMap":{"0":{"loc":{"start":{"line":7,"column":4},"end":{"line":9,"column":5}},"type":"if","locations":[{"start":{"line":7,"column":4},"end":{"line":9,"column":5}},{"start":{},"end":{}}]},"1":{"loc":{"start":{"line":18,"column":4},"end":{"line":20,"column":5}},"type":"if","locations":[{"start":{"line":18,"column":4},"end":{"line":20,"column":5}},{"start":{},"end":{}}]},"2":{"loc":{"start":{"line":22,"column":4},"end":{"line":24,"column":5}},"type":"if","locations":[{"start":{"line":22,"column":4},"end":{"line":24,"column":5}},{"start":{},"end":{}}]}},"s":{"0":16,"1":16,"2":159,"3":0,"4":159,"5":3,"6":0,"7":3,"8":3,"9":0,"10":3},"f":{"0":159,"1":3},"b":{"0":[0,159],"1":[0,3],"2":[0,3]}}
,"/workspaces/we2.blatt06/src/services/ThemaService.ts": {"path":"/workspaces/we2.blatt06/src/services/ThemaService.ts","statementMap":{"0":{"start":{"line":11,"column":0},"end":{"line":11,"column":7}},"1":{"start":{"line":35,"column":0},"end":{"line":35,"column":7}},"2":{"start":{"line":59,"column":0},"end":{"line":59,"column":7}},"3":{"start":{"line":107,"column":0},"end":{"line":107,"column":7}},"4":{"start":{"line":151,"column":0},"end":{"line":151,"column":7}},"5":{"start":{"line":2,"column":0},"end":{"line":2,"column":44}},"6":{"start":{"line":3,"column":0},"end":{"line":3,"column":46}},"7":{"start":{"line":4,"column":0},"end":{"line":4,"column":47}},"8":{"start":{"line":5,"column":0},"end":{"line":5,"column":33}},"9":{"start":{"line":12,"column":19},"end":{"line":12,"column":57}},"10":{"start":{"line":13,"column":4},"end":{"line":15,"column":5}},"11":{"start":{"line":14,"column":8},"end":{"line":14,"column":56}},"12":{"start":{"line":17,"column":19},"end":{"line":17,"column":66}},"13":{"start":{"line":18,"column":4},"end":{"line":28,"column":8}},"14":{"start":{"line":18,"column":34},"end":{"line":28,"column":6}},"15":{"start":{"line":36,"column":18},"end":{"line":36,"column":49}},"16":{"start":{"line":37,"column":4},"end":{"line":39,"column":5}},"17":{"start":{"line":38,"column":8},"end":{"line":38,"column":55}},"18":{"start":{"line":41,"column":4},"end":{"line":51,"column":6}},"19":{"start":{"line":60,"column":19},"end":{"line":60,"column":69}},"20":{"start":{"line":61,"column":4},"end":{"line":63,"column":5}},"21":{"start":{"line":62,"column":8},"end":{"line":62,"column":56}},"22":{"start":{"line":64,"column":4},"end":{"line":66,"column":5}},"23":{"start":{"line":65,"column":8},"end":{"line":65,"column":92}},"24":{"start":{"line":68,"column":22},"end":{"line":71,"column":6}},"25":{"start":{"line":73,"column":4},"end":{"line":75,"column":5}},"26":{"start":{"line":74,"column":8},"end":{"line":74,"column":92}},"27":{"start":{"line":77,"column":18},"end":{"line":84,"column":6}},"28":{"start":{"line":86,"column":4},"end":{"line":86,"column":23}},"29":{"start":{"line":88,"column":4},"end":{"line":98,"column":6}},"30":{"start":{"line":108,"column":18},"end":{"line":108,"column":63}},"31":{"start":{"line":109,"column":4},"end":{"line":111,"column":5}},"32":{"start":{"line":110,"column":8},"end":{"line":110,"column":59}},"33":{"start":{"line":113,"column":22},"end":{"line":116,"column":13}},"34":{"start":{"line":118,"column":4},"end":{"line":120,"column":5}},"35":{"start":{"line":119,"column":8},"end":{"line":119,"column":109}},"36":{"start":{"line":122,"column":4},"end":{"line":122,"column":38}},"37":{"start":{"line":123,"column":4},"end":{"line":123,"column":52}},"38":{"start":{"line":124,"column":4},"end":{"line":124,"column":46}},"39":{"start":{"line":125,"column":4},"end":{"line":127,"column":5}},"40":{"start":{"line":126,"column":8},"end":{"line":126,"column":50}},"41":{"start":{"line":128,"column":4},"end":{"line":130,"column":5}},"42":{"start":{"line":129,"column":8},"end":{"line":129,"column":70}},"43":{"start":{"line":132,"column":23},"end":{"line":132,"column":41}},"44":{"start":{"line":133,"column":4},"end":{"line":143,"column":6}},"45":{"start":{"line":152,"column":20},"end":{"line":152,"column":42}},"46":{"start":{"line":153,"column":25},"end":{"line":153,"column":71}},"47":{"start":{"line":154,"column":4},"end":{"line":156,"column":5}},"48":{"start":{"line":155,"column":8},"end":{"line":155,"column":81}}},"fnMap":{"0":{"name":"getAlleThemen","decl":{"start":{"line":11,"column":22},"end":{"line":11,"column":35}},"loc":{"start":{"line":11,"column":52},"end":{"line":29,"column":1}}},"1":{"name":"(anonymous_1)","decl":{"start":{"line":18,"column":22},"end":{"line":18,"column":23}},"loc":{"start":{"line":18,"column":34},"end":{"line":28,"column":6}}},"2":{"name":"getThema","decl":{"start":{"line":35,"column":22},"end":{"line":35,"column":30}},"loc":{"start":{"line":35,"column":41},"end":{"line":52,"column":1}}},"3":{"name":"createThema","decl":{"start":{"line":59,"column":22},"end":{"line":59,"column":33}},"loc":{"start":{"line":59,"column":62},"end":{"line":99,"column":1}}},"4":{"name":"updateThema","decl":{"start":{"line":107,"column":22},"end":{"line":107,"column":33}},"loc":{"start":{"line":107,"column":62},"end":{"line":144,"column":1}}},"5":{"name":"deleteThema","decl":{"start":{"line":151,"column":22},"end":{"line":151,"column":33}},"loc":{"start":{"line":151,"column":44},"end":{"line":157,"column":1}}}},"branchMap":{"0":{"loc":{"start":{"line":13,"column":4},"end":{"line":15,"column":5}},"type":"if","locations":[{"start":{"line":13,"column":4},"end":{"line":15,"column":5}},{"start":{},"end":{}}]},"1":{"loc":{"start":{"line":37,"column":4},"end":{"line":39,"column":5}},"type":"if","locations":[{"start":{"line":37,"column":4},"end":{"line":39,"column":5}},{"start":{},"end":{}}]},"2":{"loc":{"start":{"line":61,"column":4},"end":{"line":63,"column":5}},"type":"if","locations":[{"start":{"line":61,"column":4},"end":{"line":63,"column":5}},{"start":{},"end":{}}]},"3":{"loc":{"start":{"line":64,"column":4},"end":{"line":66,"column":5}},"type":"if","locations":[{"start":{"line":64,"column":4},"end":{"line":66,"column":5}},{"start":{},"end":{}}]},"4":{"loc":{"start":{"line":73,"column":4},"end":{"line":75,"column":5}},"type":"if","locations":[{"start":{"line":73,"column":4},"end":{"line":75,"column":5}},{"start":{},"end":{}}]},"5":{"loc":{"start":{"line":109,"column":4},"end":{"line":111,"column":5}},"type":"if","locations":[{"start":{"line":109,"column":4},"end":{"line":111,"column":5}},{"start":{},"end":{}}]},"6":{"loc":{"start":{"line":118,"column":4},"end":{"line":120,"column":5}},"type":"if","locations":[{"start":{"line":118,"column":4},"end":{"line":120,"column":5}},{"start":{},"end":{}}]},"7":{"loc":{"start":{"line":118,"column":8},"end":{"line":118,"column":54}},"type":"binary-expr","locations":[{"start":{"line":118,"column":8},"end":{"line":118,"column":17}},{"start":{"line":118,"column":21},"end":{"line":118,"column":54}}]},"8":{"loc":{"start":{"line":125,"column":4},"end":{"line":127,"column":5}},"type":"if","locations":[{"start":{"line":125,"column":4},"end":{"line":127,"column":5}},{"start":{},"end":{}}]},"9":{"loc":{"start":{"line":125,"column":8},"end":{"line":125,"column":121}},"type":"binary-expr","locations":[{"start":{"line":125,"column":8},"end":{"line":125,"column":45}},{"start":{"line":125,"column":50},"end":{"line":125,"column":83}},{"start":{"line":125,"column":87},"end":{"line":125,"column":120}}]},"10":{"loc":{"start":{"line":128,"column":4},"end":{"line":130,"column":5}},"type":"if","locations":[{"start":{"line":128,"column":4},"end":{"line":130,"column":5}},{"start":{},"end":{}}]},"11":{"loc":{"start":{"line":154,"column":4},"end":{"line":156,"column":5}},"type":"if","locations":[{"start":{"line":154,"column":4},"end":{"line":156,"column":5}},{"start":{},"end":{}}]}},"s":{"0":15,"1":15,"2":15,"3":15,"4":15,"5":15,"6":15,"7":15,"8":15,"9":3,"10":3,"11":1,"12":2,"13":2,"14":4,"15":14,"16":14,"17":4,"18":10,"19":17,"20":17,"21":1,"22":16,"23":1,"24":15,"25":15,"26":1,"27":14,"28":14,"29":14,"30":4,"31":4,"32":1,"33":3,"34":3,"35":1,"36":2,"37":2,"38":2,"39":2,"40":1,"41":2,"42":1,"43":2,"44":2,"45":6,"46":6,"47":6,"48":1},"f":{"0":3,"1":4,"2":14,"3":17,"4":4,"5":6},"b":{"0":[1,2],"1":[4,10],"2":[1,16],"3":[1,15],"4":[1,14],"5":[1,3],"6":[1,2],"7":[3,1],"8":[1,1],"9":[2,1,1],"10":[1,1],"11":[1,5]}}
}
