TN:
SF:src/app.ts
FNF:0
FNH:0
DA:1,12
DA:2,12
DA:3,12
DA:4,12
DA:5,12
DA:6,12
DA:8,12
DA:13,12
DA:14,12
DA:20,12
DA:22,12
DA:24,12
DA:26,12
LF:13
LH:13
BRF:0
BRH:0
end_of_record
TN:
SF:src/configCORS.ts
FN:14,configureCORS
FNF:1
FNH:0
FNDA:0,configureCORS
DA:3,0
DA:4,0
DA:14,0
DA:15,0
DA:16,0
DA:18,0
DA:26,0
DA:27,0
LF:8
LH:0
BRDA:15,0,0,0
BRDA:15,0,1,0
BRF:2
BRH:0
end_of_record
TN:
SF:src/model/GebietModel.ts
FNF:0
FNH:0
DA:1,17
DA:12,17
DA:27,17
LF:3
LH:3
BRF:0
BRH:0
end_of_record
TN:
SF:src/model/ProfModel.ts
FN:26,(anonymous_1)
FN:33,(anonymous_2)
FN:45,(anonymous_3)
FNF:3
FNH:3
FNDA:190,(anonymous_1)
FNDA:2,(anonymous_2)
FNDA:56,(anonymous_3)
DA:1,21
DA:2,21
DA:18,21
DA:26,21
DA:27,190
DA:28,187
DA:29,187
DA:33,21
DA:34,2
DA:36,2
DA:37,0
DA:40,2
DA:41,2
DA:45,21
DA:46,56
DA:47,1
DA:50,55
DA:53,21
LF:18
LH:17
BRDA:27,0,0,187
BRDA:27,0,1,3
BRDA:36,1,0,0
BRDA:36,1,1,2
BRDA:40,2,0,2
BRDA:40,2,1,0
BRDA:46,3,0,1
BRDA:46,3,1,55
BRDA:46,4,0,56
BRDA:46,4,1,56
BRF:10
BRH:8
end_of_record
TN:
SF:src/model/ThemaModel.ts
FNF:0
FNH:0
DA:1,16
DA:14,16
DA:31,16
LF:3
LH:3
BRF:0
BRH:0
end_of_record
TN:
SF:src/routes/authentication.ts
FN:21,requiresAuthentication
FN:49,optionalAuthentication
FNF:2
FNH:2
FNDA:61,requiresAuthentication
FNDA:19,optionalAuthentication
DA:2,12
DA:3,12
DA:21,12
DA:22,61
DA:23,61
DA:25,61
DA:26,9
DA:27,9
DA:30,52
DA:32,52
DA:33,52
DA:35,52
DA:38,0
DA:39,0
DA:40,0
DA:49,12
DA:50,19
DA:51,19
DA:53,19
DA:54,12
DA:57,7
DA:59,7
DA:60,7
DA:62,7
DA:64,0
DA:65,0
DA:66,0
LF:27
LH:21
BRDA:25,0,0,9
BRDA:25,0,1,52
BRDA:53,1,0,12
BRDA:53,1,1,7
BRF:4
BRH:4
end_of_record
TN:
SF:src/routes/gebiet.ts
FN:11,(anonymous_1)
FN:20,(anonymous_2)
FN:23,(anonymous_3)
FN:38,(anonymous_4)
FN:69,(anonymous_5)
FN:87,(anonymous_6)
FN:110,(anonymous_7)
FN:124,(anonymous_8)
FN:155,(anonymous_9)
FNF:9
FNH:9
FNDA:37,(anonymous_1)
FNDA:4,(anonymous_2)
FNDA:13,(anonymous_3)
FNDA:4,(anonymous_4)
FNDA:4,(anonymous_5)
FNDA:5,(anonymous_6)
FNDA:2,(anonymous_7)
FNDA:5,(anonymous_8)
FNDA:5,(anonymous_9)
DA:1,12
DA:3,12
DA:4,12
DA:5,12
DA:7,12
DA:9,12
DA:11,12
DA:12,37
DA:13,37
DA:14,8
DA:16,29
DA:19,12
DA:21,4
DA:23,4
DA:24,13
DA:25,13
DA:28,0
DA:31,4
DA:34,12
DA:39,4
DA:41,4
DA:42,4
DA:44,3
DA:45,1
DA:46,1
DA:49,2
DA:50,1
DA:51,1
DA:54,1
DA:55,1
DA:57,1
DA:61,12
DA:70,4
DA:71,1
DA:73,3
DA:74,3
DA:75,3
DA:76,2
DA:77,2
DA:79,1
DA:83,12
DA:88,5
DA:90,5
DA:91,5
DA:93,4
DA:94,1
DA:95,1
DA:98,3
DA:99,2
DA:102,1
DA:104,1
DA:108,12
DA:111,2
DA:112,2
DA:113,1
DA:115,1
DA:125,5
DA:126,5
DA:128,5
DA:129,5
DA:131,5
DA:132,1
DA:133,1
DA:136,4
DA:137,1
DA:140,3
DA:142,3
DA:143,2
DA:147,1
DA:151,12
DA:157,5
DA:159,5
DA:160,5
DA:162,5
DA:163,1
DA:164,1
DA:167,4
DA:168,1
DA:171,3
DA:172,2
DA:174,1
LF:81
LH:80
BRDA:13,0,0,8
BRDA:13,0,1,29
BRDA:24,1,0,13
BRDA:24,1,1,0
BRDA:44,2,0,1
BRDA:44,2,1,2
BRDA:49,3,0,1
BRDA:49,3,1,1
BRDA:49,4,0,2
BRDA:49,4,1,1
BRDA:70,5,0,1
BRDA:70,5,1,3
BRDA:93,6,0,1
BRDA:93,6,1,3
BRDA:98,7,0,2
BRDA:98,7,1,1
BRDA:98,8,0,3
BRDA:98,8,1,2
BRDA:112,9,0,1
BRDA:112,9,1,1
BRDA:112,10,0,2
BRDA:112,10,1,2
BRDA:131,11,0,1
BRDA:131,11,1,4
BRDA:136,12,0,1
BRDA:136,12,1,3
BRDA:162,13,0,1
BRDA:162,13,1,4
BRDA:167,14,0,1
BRDA:167,14,1,3
BRF:30
BRH:29
end_of_record
TN:
SF:src/routes/login.ts
FN:18,(anonymous_1)
FN:49,(anonymous_2)
FN:80,(anonymous_3)
FNF:3
FNH:3
FNDA:40,(anonymous_1)
FNDA:2,(anonymous_2)
FNDA:1,(anonymous_3)
DA:1,12
DA:2,12
DA:3,12
DA:4,12
DA:6,12
DA:8,12
DA:19,40
DA:20,40
DA:21,40
DA:22,1
DA:25,39
DA:26,39
DA:27,1
DA:28,1
DA:31,38
DA:33,38
DA:35,38
DA:42,38
DA:44,0
DA:45,0
DA:49,12
DA:50,2
DA:51,2
DA:53,2
DA:55,2
DA:56,1
DA:57,1
DA:58,1
DA:61,1
DA:62,1
DA:63,1
DA:64,1
DA:65,1
DA:67,0
DA:68,0
DA:69,0
DA:70,0
DA:74,0
DA:75,0
DA:79,12
DA:81,1
DA:82,1
DA:88,1
DA:90,0
DA:91,0
LF:45
LH:35
BRDA:21,0,0,1
BRDA:21,0,1,39
BRDA:26,1,0,1
BRDA:26,1,1,38
BRDA:55,2,0,1
BRDA:55,2,1,1
BRF:6
BRH:6
end_of_record
TN:
SF:src/routes/prof.ts
FN:9,(anonymous_1)
FN:19,(anonymous_2)
FN:30,(anonymous_3)
FN:37,(anonymous_4)
FN:50,(anonymous_5)
FN:78,(anonymous_6)
FN:92,(anonymous_7)
FN:106,(anonymous_8)
FN:138,(anonymous_9)
FN:147,(anonymous_10)
FN:169,(anonymous_11)
FN:180,(anonymous_12)
FNF:12
FNH:12
FNDA:30,(anonymous_1)
FNDA:3,(anonymous_2)
FNDA:1,(anonymous_3)
FNDA:1,(anonymous_4)
FNDA:5,(anonymous_5)
FNDA:8,(anonymous_6)
FNDA:8,(anonymous_7)
FNDA:5,(anonymous_8)
FNDA:7,(anonymous_9)
FNDA:6,(anonymous_10)
FNDA:7,(anonymous_11)
FNDA:5,(anonymous_12)
DA:1,12
DA:3,12
DA:4,12
DA:5,12
DA:7,12
DA:9,12
DA:10,30
DA:11,30
DA:12,7
DA:14,23
DA:17,12
DA:20,3
DA:21,1
DA:22,1
DA:24,2
DA:25,2
DA:28,12
DA:31,1
DA:32,1
DA:35,12
DA:38,1
DA:39,1
DA:42,12
DA:51,5
DA:52,1
DA:53,1
DA:55,4
DA:56,4
DA:57,4
DA:58,3
DA:59,3
DA:61,1
DA:77,12
DA:79,8
DA:80,1
DA:82,7
DA:83,0
DA:85,7
DA:86,7
DA:87,2
DA:89,5
DA:93,8
DA:94,8
DA:95,3
DA:97,5
DA:107,5
DA:108,1
DA:109,1
DA:111,4
DA:112,4
DA:113,1
DA:114,1
DA:115,1
DA:118,3
DA:119,3
DA:120,0
DA:121,0
DA:124,3
DA:125,3
DA:126,3
DA:127,2
DA:129,1
DA:133,12
DA:139,7
DA:140,7
DA:141,0
DA:143,7
DA:149,6
DA:151,6
DA:152,6
DA:154,6
DA:155,2
DA:156,2
DA:159,4
DA:160,4
DA:161,2
DA:163,2
DA:164,2
DA:168,12
DA:170,7
DA:171,1
DA:173,6
DA:174,1
DA:176,5
DA:181,5
DA:182,1
DA:183,1
DA:185,4
DA:186,4
DA:187,1
DA:188,1
DA:189,1
DA:191,3
DA:192,3
DA:193,2
DA:195,1
DA:196,1
LF:97
LH:93
BRDA:11,0,0,7
BRDA:11,0,1,23
BRDA:20,1,0,1
BRDA:20,1,1,2
BRDA:51,2,0,1
BRDA:51,2,1,4
BRDA:79,3,0,1
BRDA:79,3,1,7
BRDA:82,4,0,0
BRDA:82,4,1,7
BRDA:86,5,0,2
BRDA:86,5,1,5
BRDA:86,6,0,7
BRDA:86,6,1,6
BRDA:94,7,0,3
BRDA:94,7,1,5
BRDA:107,8,0,1
BRDA:107,8,1,4
BRDA:112,9,0,1
BRDA:112,9,1,3
BRDA:119,10,0,0
BRDA:119,10,1,3
BRDA:140,11,0,0
BRDA:140,11,1,7
BRDA:154,12,0,2
BRDA:154,12,1,4
BRDA:154,13,0,6
BRDA:154,13,1,4
BRDA:170,14,0,1
BRDA:170,14,1,6
BRDA:173,15,0,1
BRDA:173,15,1,5
BRDA:181,16,0,1
BRDA:181,16,1,4
BRDA:186,17,0,1
BRDA:186,17,1,3
BRF:36
BRH:33
end_of_record
TN:
SF:src/routes/thema.ts
FN:10,(anonymous_1)
FN:28,(anonymous_2)
FN:53,(anonymous_3)
FN:86,(anonymous_4)
FN:102,(anonymous_5)
FN:139,(anonymous_6)
FNF:6
FNH:6
FNDA:28,(anonymous_1)
FNDA:4,(anonymous_2)
FNDA:5,(anonymous_3)
FNDA:2,(anonymous_4)
FNDA:4,(anonymous_5)
FNDA:5,(anonymous_6)
DA:1,12
DA:2,12
DA:4,12
DA:5,12
DA:6,12
DA:8,12
DA:10,12
DA:11,28
DA:12,28
DA:13,9
DA:15,19
DA:18,12
DA:29,4
DA:30,4
DA:31,4
DA:32,3
DA:33,0
DA:36,3
DA:37,1
DA:40,2
DA:42,2
DA:43,2
DA:45,1
DA:49,12
DA:54,5
DA:56,5
DA:57,5
DA:59,5
DA:60,1
DA:61,1
DA:64,4
DA:65,4
DA:66,0
DA:69,4
DA:70,3
DA:71,3
DA:73,3
DA:74,1
DA:78,3
DA:80,0
DA:84,12
DA:87,2
DA:88,2
DA:89,1
DA:91,1
DA:103,4
DA:104,4
DA:106,4
DA:107,4
DA:109,3
DA:110,1
DA:111,1
DA:114,2
DA:115,2
DA:116,0
DA:119,2
DA:120,2
DA:122,2
DA:123,1
DA:126,1
DA:128,1
DA:129,1
DA:131,1
DA:135,12
DA:140,5
DA:141,5
DA:142,5
DA:144,4
DA:145,1
DA:146,1
DA:149,3
DA:150,3
DA:151,0
DA:154,3
DA:155,3
DA:157,3
DA:158,1
DA:161,2
DA:162,2
DA:164,1
LF:80
LH:75
BRDA:12,0,0,9
BRDA:12,0,1,19
BRDA:32,1,0,0
BRDA:32,1,1,3
BRDA:36,2,0,1
BRDA:36,2,1,2
BRDA:36,3,0,3
BRDA:36,3,1,1
BRDA:59,4,0,1
BRDA:59,4,1,4
BRDA:65,5,0,0
BRDA:65,5,1,4
BRDA:69,6,0,3
BRDA:69,6,1,1
BRDA:73,7,0,1
BRDA:73,7,1,2
BRDA:73,8,0,3
BRDA:73,8,1,1
BRDA:88,9,0,1
BRDA:88,9,1,1
BRDA:88,10,0,2
BRDA:88,10,1,2
BRDA:109,11,0,1
BRDA:109,11,1,2
BRDA:115,12,0,0
BRDA:115,12,1,2
BRDA:122,13,0,1
BRDA:122,13,1,1
BRDA:122,14,0,2
BRDA:122,14,1,1
BRDA:144,15,0,1
BRDA:144,15,1,3
BRDA:150,16,0,0
BRDA:150,16,1,3
BRDA:157,17,0,1
BRDA:157,17,1,2
BRDA:157,18,0,3
BRDA:157,18,1,1
BRF:38
BRH:34
end_of_record
TN:
SF:src/services/AuthenticationService.ts
FN:11,login
FNF:1
FNH:1
FNDA:3,login
DA:1,1
DA:11,1
DA:12,3
DA:13,3
DA:15,3
DA:16,1
DA:19,2
DA:21,2
DA:22,1
DA:25,1
DA:30,2
DA:31,2
LF:12
LH:12
BRDA:15,0,0,1
BRDA:15,0,1,2
BRDA:21,1,0,1
BRDA:21,1,1,1
BRDA:27,2,0,1
BRDA:27,2,1,0
BRF:6
BRH:5
end_of_record
TN:
SF:src/services/GebietService.ts
FN:14,getAlleGebiete
FN:28,(anonymous_1)
FN:43,getGebiet
FN:63,createGebiet
FN:92,updateGebiet
FN:129,deleteGebiet
FNF:6
FNH:6
FNDA:6,getAlleGebiete
FNDA:16,(anonymous_1)
FNDA:27,getGebiet
FNDA:84,createGebiet
FNDA:4,updateGebiet
FNDA:5,deleteGebiet
DA:2,14
DA:4,14
DA:5,14
DA:6,14
DA:7,14
DA:14,14
DA:15,6
DA:17,6
DA:19,6
DA:20,1
DA:26,6
DA:28,16
DA:43,14
DA:44,27
DA:46,27
DA:47,3
DA:50,24
DA:63,14
DA:64,84
DA:73,84
DA:75,84
DA:92,14
DA:93,4
DA:95,4
DA:96,1
DA:99,3
DA:100,3
DA:101,3
DA:102,3
DA:104,3
DA:105,1
DA:108,3
DA:110,3
DA:129,14
DA:130,5
DA:131,5
DA:132,5
DA:133,1
DA:136,4
DA:137,4
DA:138,2
DA:139,2
DA:141,0
LF:43
LH:42
BRDA:19,0,0,1
BRDA:19,0,1,5
BRDA:46,1,0,3
BRDA:46,1,1,24
BRDA:95,2,0,1
BRDA:95,2,1,3
BRDA:101,3,0,3
BRDA:101,3,1,0
BRDA:104,4,0,1
BRDA:104,4,1,2
BRDA:132,5,0,1
BRDA:132,5,1,4
BRF:12
BRH:11
end_of_record
TN:
SF:src/services/JWTService.ts
FN:6,verifyPasswordAndCreateJWT
FN:49,verifyJWT
FNF:2
FNH:2
FNDA:45,verifyPasswordAndCreateJWT
FNDA:103,verifyJWT
DA:1,13
DA:2,13
DA:3,13
DA:6,13
DA:7,45
DA:8,45
DA:10,45
DA:11,1
DA:12,1
DA:15,44
DA:17,44
DA:18,3
DA:19,3
DA:22,41
DA:23,41
DA:24,0
DA:25,0
DA:28,41
DA:33,41
DA:35,41
DA:40,41
DA:41,41
DA:44,0
DA:45,0
DA:49,13
DA:50,103
DA:51,103
DA:52,103
DA:53,0
DA:54,0
DA:57,103
DA:58,1
DA:59,1
DA:62,102
DA:64,99
DA:70,4
DA:71,4
LF:37
LH:31
BRDA:10,0,0,1
BRDA:10,0,1,44
BRDA:17,1,0,3
BRDA:17,1,1,41
BRDA:23,2,0,0
BRDA:23,2,1,41
BRDA:30,3,0,18
BRDA:30,3,1,23
BRDA:33,4,0,41
BRDA:33,4,1,0
BRDA:52,5,0,0
BRDA:52,5,1,103
BRDA:57,6,0,1
BRDA:57,6,1,102
BRF:14
BRH:11
end_of_record
TN:
SF:src/services/ProfService.ts
FN:10,createProf
FN:35,updateProf
FN:65,deleteProf
FN:87,changePassword
FN:117,getAlleProfs
FN:119,(anonymous_5)
FNF:6
FNH:6
FNDA:149,createProf
FNDA:4,updateProf
FNDA:5,deleteProf
FNDA:6,changePassword
FNDA:9,getAlleProfs
FNDA:13,(anonymous_5)
DA:2,13
DA:3,13
DA:4,13
DA:5,13
DA:10,13
DA:11,149
DA:19,149
DA:21,149
DA:35,13
DA:36,4
DA:37,4
DA:38,1
DA:40,3
DA:42,3
DA:43,3
DA:44,3
DA:45,3
DA:47,3
DA:48,3
DA:65,13
DA:66,5
DA:67,5
DA:68,5
DA:69,2
DA:72,3
DA:73,3
DA:74,1
DA:76,1
DA:87,13
DA:88,6
DA:90,6
DA:91,1
DA:94,5
DA:96,5
DA:97,2
DA:100,3
DA:102,3
DA:104,3
DA:117,13
DA:118,9
DA:119,13
DA:126,9
LF:42
LH:42
BRDA:37,0,0,1
BRDA:37,0,1,3
BRDA:45,1,0,0
BRDA:45,1,1,3
BRDA:68,2,0,2
BRDA:68,2,1,3
BRDA:90,3,0,1
BRDA:90,3,1,5
BRDA:96,4,0,2
BRDA:96,4,1,3
BRF:10
BRH:9
end_of_record
TN:
SF:src/services/ServiceHelper.ts
FN:6,dateToString
FN:17,stringToDate
FNF:2
FNH:2
FNDA:159,dateToString
FNDA:3,stringToDate
DA:6,16
DA:7,159
DA:8,0
DA:10,159
DA:17,16
DA:18,3
DA:19,0
DA:21,3
DA:22,3
DA:23,0
DA:25,3
LF:11
LH:8
BRDA:7,0,0,0
BRDA:7,0,1,159
BRDA:18,1,0,0
BRDA:18,1,1,3
BRDA:22,2,0,0
BRDA:22,2,1,3
BRF:6
BRH:3
end_of_record
TN:
SF:src/services/ThemaService.ts
FN:11,getAlleThemen
FN:18,(anonymous_1)
FN:35,getThema
FN:59,createThema
FN:107,updateThema
FN:151,deleteThema
FNF:6
FNH:6
FNDA:3,getAlleThemen
FNDA:4,(anonymous_1)
FNDA:14,getThema
FNDA:17,createThema
FNDA:4,updateThema
FNDA:6,deleteThema
DA:2,15
DA:3,15
DA:4,15
DA:5,15
DA:11,15
DA:12,3
DA:13,3
DA:14,1
DA:17,2
DA:18,4
DA:35,15
DA:36,14
DA:37,14
DA:38,4
DA:41,10
DA:59,15
DA:60,17
DA:61,17
DA:62,1
DA:64,16
DA:65,1
DA:68,15
DA:73,15
DA:74,1
DA:77,14
DA:86,14
DA:88,14
DA:107,15
DA:108,4
DA:109,4
DA:110,1
DA:113,3
DA:118,3
DA:119,1
DA:122,2
DA:123,2
DA:124,2
DA:125,2
DA:126,1
DA:128,2
DA:129,1
DA:132,2
DA:133,2
DA:151,15
DA:152,6
DA:153,6
DA:154,6
DA:155,1
LF:48
LH:48
BRDA:13,0,0,1
BRDA:13,0,1,2
BRDA:37,1,0,4
BRDA:37,1,1,10
BRDA:61,2,0,1
BRDA:61,2,1,16
BRDA:64,3,0,1
BRDA:64,3,1,15
BRDA:73,4,0,1
BRDA:73,4,1,14
BRDA:109,5,0,1
BRDA:109,5,1,3
BRDA:118,6,0,1
BRDA:118,6,1,2
BRDA:118,7,0,3
BRDA:118,7,1,1
BRDA:125,8,0,1
BRDA:125,8,1,1
BRDA:125,9,0,2
BRDA:125,9,1,1
BRDA:125,9,2,1
BRDA:128,10,0,1
BRDA:128,10,1,1
BRDA:154,11,0,1
BRDA:154,11,1,5
BRF:25
BRH:25
end_of_record
